

Microchip Technology PIC18 LITE Macro Assembler V1.33 build 59893 
                                                                                               Tue Oct 21 11:19:00 2014

Microchip Technology Omniscient Code Generator (Lite mode) build 59893
     1                           	processor	18F25K80
     2                           	fnconf	rparam,??,?,0
     3                           	opt	pw 120
     4                           	opt	lm
     5                           	psect	text0,global,reloc=2,class=CODE,delta=1
     6                           	psect	cinit,global,reloc=2,class=CODE,delta=1
     7                           	psect	bssCOMRAM,global,class=COMRAM,space=1,delta=1
     8                           	psect	bssBANK0,global,class=BANK0,space=1,delta=1
     9                           	psect	cstackCOMRAM,global,class=COMRAM,space=1,delta=1
    10                           	psect	text1,global,reloc=2,class=CODE,delta=1
    11                           	psect	text2,global,reloc=2,class=CODE,delta=1
    12                           	psect	text3,global,reloc=2,class=CODE,delta=1
    13                           	psect	text4,global,reloc=2,class=CODE,delta=1
    14                           	psect	intsave_regs,global,class=BIGRAM,space=1,delta=1
    15                           	psect	rparam,global,class=COMRAM,space=1,delta=1
    16  0000                     _ADCON1	set	4033
    17  0000                     _ADCON2	set	4032
    18  0000                     _ANCON0	set	3933
    19  0000                     _BAUDCON2bits	set	4025
    20  0000                     _OSCCON	set	4051
    21  0000                     _PIR3bits	set	4004
    22  0000                     _PORTA	set	3968
    23  0000                     _PORTB	set	3969
    24  0000                     _PORTC	set	3970
    25  0000                     _RCREG2	set	3962
    26  0000                     _RCSTA2bits	set	4006
    27  0000                     _SPBRG	set	4015
    28  0000                     _SPBRG2	set	3963
    29  0000                     _SPBRGH2	set	3964
    30  0000                     _TRISA	set	3986
    31  0000                     _TRISB	set	3987
    32  0000                     _TRISC	set	3988
    33  0000                     _TXREG2	set	3961
    34  0000                     _TXSTA2bits	set	4026
    35  0000                     _ADON	set	32272
    36  0000                     _GIE	set	32663
    37  0000                     _PEIE	set	32662
    38  0000                     _RA0	set	31744
    39  0000                     _RA2	set	31746
    40  0000                     _RA3	set	31747
    41                           
    42 ;;
    43 ;;Main: autosize = 0, tempsize = 0, incstack = 0, save=0
    44 ;;
    45 ;; *************** function _main *****************
    46 ;; Defined at:
    47 ;;		line 78 in file "main.c"
    48 ;; Parameters:    Size  Location     Type
    49 ;;		None
    50 ;; Auto vars:     Size  Location     Type
    51 ;;  i               2   12[COMRAM] int 
    52 ;;  i               2    9[COMRAM] int 
    53 ;;  i               2    7[COMRAM] int 
    54 ;;  i               2    5[COMRAM] int 
    55 ;;  address         1   11[COMRAM] unsigned char 
    56 ;; Return value:  Size  Location     Type
    57 ;;		None               void
    58 ;; Registers used:
    59 ;;		wreg, fsr0l, fsr0h, status,2, status,0, tblptrl, tblptrh, tblptru, cstack
    60 ;; Tracked objects:
    61 ;;		On entry : 0/0
    62 ;;		On exit  : 0/0
    63 ;;		Unchanged: 0/0
    64 ;; Data sizes:     COMRAM   BANK0   BANK1   BANK2   BANK3   BANK4   BANK5   BANK6   BANK7   BANK8   BANK9  BANK10  BANK1
      +1  BANK12  BANK13  BANK14
    65 ;;      Params:         0       0       0       0       0       0       0       0       0       0       0       0       
      +0       0       0       0
    66 ;;      Locals:         9       0       0       0       0       0       0       0       0       0       0       0       
      +0       0       0       0
    67 ;;      Temps:          0       0       0       0       0       0       0       0       0       0       0       0       
      +0       0       0       0
    68 ;;      Totals:         9       0       0       0       0       0       0       0       0       0       0       0       
      +0       0       0       0
    69 ;;Total ram usage:        9 bytes
    70 ;; Hardware stack levels required when called:    1
    71 ;; This function calls:
    72 ;;		_initComms
    73 ;;		_initPorts
    74 ;;		_readAddress
    75 ;;		_writeStringToUART
    76 ;; This function is called by:
    77 ;;		Startup code after reset
    78 ;; This function uses a non-reentrant model
    79 ;;
    80                           
    81                           	psect	text0
    82  007F96                     __ptext0:
    83                           	opt stack 0
    84  007F96                     _main:
    85                           	opt stack 30
    86                           
    87                           ;main.c: 79: unsigned char address = 0;
    88                           
    89                           ;incstack = 0
    90  007F96  0E00               	movlw	0
    91  007F98  6E0C               	movwf	main@address,c
    92                           
    93                           ;main.c: 86: initPorts();
    94  007F9A  EC40  F03F         	call	_initPorts	;wreg free
    95                           
    96                           ;main.c: 87: initComms();
    97  007F9E  EC56  F03F         	call	_initComms	;wreg free
    98                           
    99                           ;main.c: 89: GIE = 1;
   100  007FA2  8EF2               	bsf	intcon,7,c	;volatile
   101                           
   102                           ;main.c: 90: PEIE = 1;
   103  007FA4  8CF2               	bsf	intcon,6,c	;volatile
   104                           
   105                           ;main.c: 95: address = readAddress();
   106  007FA6  EC74  F03F         	call	_readAddress	;wreg free
   107  007FAA  6E0C               	movwf	main@address,c
   108                           
   109                           ;main.c: 97: writeStringToUART(msg);
   110  007FAC  0E20               	movlw	32
   111  007FAE  6E03               	movwf	writeStringToUART@msg+2,c
   112  007FB0  0100               	movlb	0	; () banked
   113  007FB2  0E00               	movlw	high _msg
   114  007FB4  6E02               	movwf	writeStringToUART@msg+1,c
   115  007FB6  0100               	movlb	0	; () banked
   116  007FB8  0E60               	movlw	low _msg
   117  007FBA  6E01               	movwf	writeStringToUART@msg,c
   118  007FBC  EC9D  F03F         	call	_writeStringToUART	;wreg free
   119  007FC0                     l805:
   120                           
   121                           ;main.c: 100: writeStringToUART('a');
   122  007FC0  0E00               	movlw	0
   123  007FC2  6E03               	movwf	writeStringToUART@msg+2,c
   124  007FC4  0E00               	movlw	0
   125  007FC6  6E02               	movwf	writeStringToUART@msg+1,c
   126  007FC8  0E61               	movlw	97
   127  007FCA  6E01               	movwf	writeStringToUART@msg,c
   128  007FCC  EC9D  F03F         	call	_writeStringToUART	;wreg free
   129                           
   130                           ;main.c: 102: for (int i = 0; i < 100000; i++) {
   131  007FD0  0E00               	movlw	0
   132  007FD2  6E07               	movwf	main@i+1,c
   133  007FD4  0E00               	movlw	0
   134  007FD6  6E06               	movwf	main@i,c
   135  007FD8                     l811:
   136  007FD8  4A06               	infsnz	main@i,f,c
   137  007FDA  2A07               	incf	main@i+1,f,c
   138  007FDC  D7FD               	goto	l811
   139  007FDE                     l819:
   140  007FDE  4A08               	infsnz	main@i_86,f,c
   141  007FE0  2A09               	incf	main@i_86+1,f,c
   142  007FE2  D7FD               	goto	l819
   143  007FE4                     l827:
   144  007FE4  4A0A               	infsnz	main@i_87,f,c
   145  007FE6  2A0B               	incf	main@i_87+1,f,c
   146  007FE8  D7FD               	goto	l827
   147  007FEA                     l837:
   148  007FEA  4A0D               	infsnz	main@i_94,f,c
   149  007FEC  2A0E               	incf	main@i_94+1,f,c
   150  007FEE  500E               	movf	main@i_94+1,w,c
   151  007FF0  0A80               	xorlw	128
   152  007FF2  0F80               	addlw	-128
   153  007FF4  0E64               	movlw	100
   154  007FF6  B4D8               	btfsc	status,2,c
   155  007FF8  5C0D               	subwf	main@i_94,w,c
   156  007FFA  B0D8               	btfsc	status,0,c
   157  007FFC  D7E1               	goto	l805
   158  007FFE  D7F5               	goto	l837
   159  008000                     __end_of_main:
   160                           	opt stack 0
   161                           intcon	equ	0xFF2
   162                           status	equ	0xFD8
   163                           
   164                           	psect	cinit
   165  007E68                     __pcinit:
   166                           	opt stack 0
   167  007E68                     start_initialization:
   168                           	opt stack 0
   169  007E68                     __initialization:
   170                           	opt stack 0
   171                           
   172                           ; Clear objects allocated to BANK0 (80 bytes)
   173  007E68  EE00  F060         	lfsr	0,__pbssBANK0
   174  007E6C  0E50               	movlw	80
   175  007E6E                     clear_0:
   176  007E6E  6AEE               	clrf	postinc0,c
   177  007E70  06E8               	decf	wreg,f,c
   178  007E72  E1FD               	bnz	clear_0
   179                           
   180                           ; Clear objects allocated to COMRAM (3 bytes)
   181  007E74  6A11               	clrf	(__pbssCOMRAM+2)& (0+255),c
   182  007E76  6A10               	clrf	(__pbssCOMRAM+1)& (0+255),c
   183  007E78  6A0F               	clrf	__pbssCOMRAM& (0+255),c
   184  007E7A                     end_of_initialization:
   185                           	opt stack 0
   186  007E7A                     __end_of__initialization:
   187                           	opt stack 0
   188  007E7A  0100               	movlb	0
   189  007E7C  EFCB  F03F         	goto	_main	;jump to C main() function
   190                           intcon	equ	0xFF2
   191                           postinc0	equ	0xFEE
   192                           wreg	equ	0xFE8
   193                           status	equ	0xFD8
   194                           
   195                           	psect	bssCOMRAM
   196  00000F                     __pbssCOMRAM:
   197                           	opt stack 0
   198  00000F                     _delay_ticks:
   199                           	opt stack 0
   200  00000F                     	ds	2
   201  000011                     _state:
   202                           	opt stack 0
   203  000011                     	ds	1
   204                           intcon	equ	0xFF2
   205                           postinc0	equ	0xFEE
   206                           wreg	equ	0xFE8
   207                           status	equ	0xFD8
   208                           
   209                           	psect	bssBANK0
   210  000060                     __pbssBANK0:
   211                           	opt stack 0
   212  000060                     _msg:
   213                           	opt stack 0
   214  000060                     	ds	80
   215                           intcon	equ	0xFF2
   216                           postinc0	equ	0xFEE
   217                           wreg	equ	0xFE8
   218                           status	equ	0xFD8
   219                           
   220                           	psect	cstackCOMRAM
   221  000001                     __pcstackCOMRAM:
   222                           	opt stack 0
   223  000001                     ??_readAddress:
   224  000001                     writeStringToUART@msg:
   225                           	opt stack 0
   226                           
   227                           ; 3 bytes @ 0x0
   228  000001                     	ds	3
   229  000004                     
   230                           ; 0 bytes @ 0x3
   231  000004                     	ds	2
   232  000006                     main@i:
   233                           	opt stack 0
   234                           
   235                           ; 2 bytes @ 0x5
   236  000006                     	ds	2
   237  000008                     main@i_86:
   238                           	opt stack 0
   239                           
   240                           ; 2 bytes @ 0x7
   241  000008                     	ds	2
   242  00000A                     main@i_87:
   243                           	opt stack 0
   244                           
   245                           ; 2 bytes @ 0x9
   246  00000A                     	ds	2
   247  00000C                     main@address:
   248                           	opt stack 0
   249                           
   250                           ; 1 bytes @ 0xB
   251  00000C                     	ds	1
   252  00000D                     main@i_94:
   253                           	opt stack 0
   254                           
   255                           ; 2 bytes @ 0xC
   256  00000D                     	ds	2
   257                           intcon	equ	0xFF2
   258                           postinc0	equ	0xFEE
   259                           wreg	equ	0xFE8
   260                           status	equ	0xFD8
   261                           
   262 ;; *************** function _writeStringToUART *****************
   263 ;; Defined at:
   264 ;;		line 57 in file "usart.c"
   265 ;; Parameters:    Size  Location     Type
   266 ;;  msg             3    0[COMRAM] PTR const unsigned char 
   267 ;;		 -> ROM(32767), msg(80), 
   268 ;; Auto vars:     Size  Location     Type
   269 ;;		None
   270 ;; Return value:  Size  Location     Type
   271 ;;		None               void
   272 ;; Registers used:
   273 ;;		wreg, fsr0l, fsr0h, status,2, status,0, tblptrl, tblptrh, tblptru
   274 ;; Tracked objects:
   275 ;;		On entry : 0/0
   276 ;;		On exit  : 0/0
   277 ;;		Unchanged: 0/0
   278 ;; Data sizes:     COMRAM   BANK0   BANK1   BANK2   BANK3   BANK4   BANK5   BANK6   BANK7   BANK8   BANK9  BANK10  BANK1
      +1  BANK12  BANK13  BANK14
   279 ;;      Params:         3       0       0       0       0       0       0       0       0       0       0       0       
      +0       0       0       0
   280 ;;      Locals:         0       0       0       0       0       0       0       0       0       0       0       0       
      +0       0       0       0
   281 ;;      Temps:          0       0       0       0       0       0       0       0       0       0       0       0       
      +0       0       0       0
   282 ;;      Totals:         3       0       0       0       0       0       0       0       0       0       0       0       
      +0       0       0       0
   283 ;;Total ram usage:        3 bytes
   284 ;; Hardware stack levels used:    1
   285 ;; This function calls:
   286 ;;		Nothing
   287 ;; This function is called by:
   288 ;;		_main
   289 ;; This function uses a non-reentrant model
   290 ;;
   291                           
   292                           	psect	text1
   293  007F3A                     __ptext1:
   294                           	opt stack 0
   295  007F3A                     _writeStringToUART:
   296                           	opt stack 30
   297                           
   298                           ;usart.c: 59: while(*msg) {
   299                           
   300                           ;incstack = 0
   301  007F3A  D019               	goto	l789
   302  007F3C                     l78:
   303  007F3C  A8A4               	btfss	4004,4,c	;volatile
   304  007F3E  D7FE               	goto	l78
   305                           
   306                           ;usart.c: 61: TXREG2 = *msg++;
   307  007F40  C001  FFF6         	movff	writeStringToUART@msg,tblptrl
   308  007F44  C002  FFF7         	movff	writeStringToUART@msg+1,tblptrh
   309  007F48  C003  FFF8         	movff	writeStringToUART@msg+2,tblptru
   310  007F4C  BAF8               	btfsc	tblptru,5,c
   311  007F4E  D003               	bra	u177
   312  007F50  0008               	tblrd		*
   313  007F52  50F5               	movf	tablat,w,c
   314  007F54  D005               	bra	u170
   315  007F56                     u177:
   316  007F56  CFF6 FFE9          	movff	tblptrl,fsr0l
   317  007F5A  CFF7 FFEA          	movff	tblptrh,fsr0h
   318  007F5E  50EF               	movf	indf0,w,c
   319  007F60                     u170:
   320  007F60  6E79               	movwf	3961,c	;volatile
   321  007F62  0E01               	movlw	1
   322  007F64  2601               	addwf	writeStringToUART@msg,f,c
   323  007F66  0E00               	movlw	0
   324  007F68  2202               	addwfc	writeStringToUART@msg+1,f,c
   325  007F6A  0E00               	movlw	0
   326  007F6C  2203               	addwfc	writeStringToUART@msg+2,f,c
   327  007F6E                     l789:
   328  007F6E  C001  FFF6         	movff	writeStringToUART@msg,tblptrl
   329  007F72  C002  FFF7         	movff	writeStringToUART@msg+1,tblptrh
   330  007F76  C003  FFF8         	movff	writeStringToUART@msg+2,tblptru
   331  007F7A  BAF8               	btfsc	tblptru,5,c
   332  007F7C  D003               	bra	u187
   333  007F7E  0008               	tblrd		*
   334  007F80  50F5               	movf	tablat,w,c
   335  007F82  D005               	bra	u180
   336  007F84                     u187:
   337  007F84  CFF6 FFE9          	movff	tblptrl,fsr0l
   338  007F88  CFF7 FFEA          	movff	tblptrh,fsr0h
   339  007F8C  50EF               	movf	indf0,w,c
   340  007F8E                     u180:
   341  007F8E  0900               	iorlw	0
   342  007F90  B4D8               	btfsc	status,2,c
   343  007F92  0012               	return	
   344  007F94  D7D3               	goto	l78
   345  007F96                     __end_of_writeStringToUART:
   346                           	opt stack 0
   347                           tblptru	equ	0xFF8
   348                           tblptrh	equ	0xFF7
   349                           tblptrl	equ	0xFF6
   350                           tablat	equ	0xFF5
   351                           intcon	equ	0xFF2
   352                           indf0	equ	0xFEF
   353                           postinc0	equ	0xFEE
   354                           fsr0h	equ	0xFEA
   355                           fsr0l	equ	0xFE9
   356                           wreg	equ	0xFE8
   357                           status	equ	0xFD8
   358                           
   359 ;; *************** function _readAddress *****************
   360 ;; Defined at:
   361 ;;		line 126 in file "main.c"
   362 ;; Parameters:    Size  Location     Type
   363 ;;		None
   364 ;; Auto vars:     Size  Location     Type
   365 ;;		None
   366 ;; Return value:  Size  Location     Type
   367 ;;                  1    wreg      unsigned char 
   368 ;; Registers used:
   369 ;;		wreg, status,2, status,0
   370 ;; Tracked objects:
   371 ;;		On entry : 0/0
   372 ;;		On exit  : 0/0
   373 ;;		Unchanged: 0/0
   374 ;; Data sizes:     COMRAM   BANK0   BANK1   BANK2   BANK3   BANK4   BANK5   BANK6   BANK7   BANK8   BANK9  BANK10  BANK1
      +1  BANK12  BANK13  BANK14
   375 ;;      Params:         0       0       0       0       0       0       0       0       0       0       0       0       
      +0       0       0       0
   376 ;;      Locals:         0       0       0       0       0       0       0       0       0       0       0       0       
      +0       0       0       0
   377 ;;      Temps:          5       0       0       0       0       0       0       0       0       0       0       0       
      +0       0       0       0
   378 ;;      Totals:         5       0       0       0       0       0       0       0       0       0       0       0       
      +0       0       0       0
   379 ;;Total ram usage:        5 bytes
   380 ;; Hardware stack levels used:    1
   381 ;; This function calls:
   382 ;;		Nothing
   383 ;; This function is called by:
   384 ;;		_main
   385 ;; This function uses a non-reentrant model
   386 ;;
   387                           
   388                           	psect	text2
   389  007EE8                     __ptext2:
   390                           	opt stack 0
   391  007EE8                     _readAddress:
   392                           	opt stack 30
   393                           
   394                           ;main.c: 127: return !RA3 << 3 | !RA2 << 2 | !RA2 << 1 | !RA0;
   395                           
   396                           ;incstack = 0
   397  007EE8  B080               	btfsc	3968,0,c	;volatile
   398  007EEA  D002               	goto	u120
   399  007EEC  0E01               	movlw	1
   400  007EEE  D001               	goto	u126
   401  007EF0                     u120:
   402  007EF0  0E00               	movlw	0
   403  007EF2                     u126:
   404  007EF2  6E01               	movwf	??_readAddress& (0+255),c
   405  007EF4  B480               	btfsc	3968,2,c	;volatile
   406  007EF6  D002               	goto	u130
   407  007EF8  0E01               	movlw	1
   408  007EFA  D001               	goto	u136
   409  007EFC                     u130:
   410  007EFC  0E00               	movlw	0
   411  007EFE                     u136:
   412  007EFE  6E02               	movwf	(??_readAddress+1)& (0+255),c
   413  007F00  90D8               	bcf	status,0,c
   414  007F02  3402               	rlcf	??_readAddress+1,w,c
   415  007F04  6E03               	movwf	(??_readAddress+2)& (0+255),c
   416  007F06  B480               	btfsc	3968,2,c	;volatile
   417  007F08  D002               	goto	u140
   418  007F0A  0E01               	movlw	1
   419  007F0C  D001               	goto	u146
   420  007F0E                     u140:
   421  007F0E  0E00               	movlw	0
   422  007F10                     u146:
   423  007F10  6E04               	movwf	(??_readAddress+3)& (0+255),c
   424  007F12  90D8               	bcf	status,0,c
   425  007F14  3604               	rlcf	??_readAddress+3,f,c
   426  007F16  90D8               	bcf	status,0,c
   427  007F18  3604               	rlcf	??_readAddress+3,f,c
   428  007F1A  B680               	btfsc	3968,3,c	;volatile
   429  007F1C  D002               	goto	u150
   430  007F1E  0E01               	movlw	1
   431  007F20  D001               	goto	u156
   432  007F22                     u150:
   433  007F22  0E00               	movlw	0
   434  007F24                     u156:
   435  007F24  6E05               	movwf	(??_readAddress+4)& (0+255),c
   436  007F26  90D8               	bcf	status,0,c
   437  007F28  3605               	rlcf	??_readAddress+4,f,c
   438  007F2A  90D8               	bcf	status,0,c
   439  007F2C  3605               	rlcf	??_readAddress+4,f,c
   440  007F2E  90D8               	bcf	status,0,c
   441  007F30  3405               	rlcf	??_readAddress+4,w,c
   442  007F32  1004               	iorwf	??_readAddress+3,w,c
   443  007F34  1003               	iorwf	??_readAddress+2,w,c
   444  007F36  1001               	iorwf	??_readAddress,w,c
   445  007F38  0012               	return	
   446  007F3A                     __end_of_readAddress:
   447                           	opt stack 0
   448                           tblptru	equ	0xFF8
   449                           tblptrh	equ	0xFF7
   450                           tblptrl	equ	0xFF6
   451                           tablat	equ	0xFF5
   452                           intcon	equ	0xFF2
   453                           indf0	equ	0xFEF
   454                           postinc0	equ	0xFEE
   455                           fsr0h	equ	0xFEA
   456                           fsr0l	equ	0xFE9
   457                           wreg	equ	0xFE8
   458                           status	equ	0xFD8
   459                           
   460 ;; *************** function _initPorts *****************
   461 ;; Defined at:
   462 ;;		line 7 in file "port.c"
   463 ;; Parameters:    Size  Location     Type
   464 ;;		None
   465 ;; Auto vars:     Size  Location     Type
   466 ;;		None
   467 ;; Return value:  Size  Location     Type
   468 ;;		None               void
   469 ;; Registers used:
   470 ;;		wreg, status,2
   471 ;; Tracked objects:
   472 ;;		On entry : 0/0
   473 ;;		On exit  : 0/0
   474 ;;		Unchanged: 0/0
   475 ;; Data sizes:     COMRAM   BANK0   BANK1   BANK2   BANK3   BANK4   BANK5   BANK6   BANK7   BANK8   BANK9  BANK10  BANK1
      +1  BANK12  BANK13  BANK14
   476 ;;      Params:         0       0       0       0       0       0       0       0       0       0       0       0       
      +0       0       0       0
   477 ;;      Locals:         0       0       0       0       0       0       0       0       0       0       0       0       
      +0       0       0       0
   478 ;;      Temps:          0       0       0       0       0       0       0       0       0       0       0       0       
      +0       0       0       0
   479 ;;      Totals:         0       0       0       0       0       0       0       0       0       0       0       0       
      +0       0       0       0
   480 ;;Total ram usage:        0 bytes
   481 ;; Hardware stack levels used:    1
   482 ;; This function calls:
   483 ;;		Nothing
   484 ;; This function is called by:
   485 ;;		_main
   486 ;; This function uses a non-reentrant model
   487 ;;
   488                           
   489                           	psect	text3
   490  007E80                     __ptext3:
   491                           	opt stack 0
   492  007E80                     _initPorts:
   493                           	opt stack 30
   494                           
   495                           ;port.c: 11: OSCCON = 0x30;
   496                           
   497                           ;incstack = 0
   498  007E80  0E30               	movlw	48
   499  007E82  6ED3               	movwf	4051,c	;volatile
   500                           
   501                           ;port.c: 14: ANCON0 = 0b00010000;
   502  007E84  0E10               	movlw	16
   503  007E86  010F               	movlb	15	; () banked
   504  007E88  6F5D               	movwf	93,b	;volatile
   505                           
   506                           ;port.c: 15: ADCON1 = 0b00000111;
   507  007E8A  0E07               	movlw	7
   508  007E8C  6EC1               	movwf	4033,c	;volatile
   509                           
   510                           ;port.c: 16: ADCON2 = 0xBC;
   511  007E8E  0EBC               	movlw	188
   512  007E90  6EC0               	movwf	4032,c	;volatile
   513                           
   514                           ; BSR set to: 15
   515                           ;port.c: 17: ADON = 1;
   516  007E92  80C2               	bsf	4034,0,c	;volatile
   517                           
   518                           ;port.c: 20: PORTA = 0b00000000;
   519  007E94  0E00               	movlw	0
   520  007E96  6E80               	movwf	3968,c	;volatile
   521                           
   522                           ; BSR set to: 15
   523                           ;port.c: 21: TRISA = 0b11111111;
   524  007E98  6892               	setf	3986,c	;volatile
   525                           
   526                           ;port.c: 23: PORTB = 0b01001000;
   527  007E9A  0E48               	movlw	72
   528  007E9C  6E81               	movwf	3969,c	;volatile
   529                           
   530                           ;port.c: 24: TRISB = 0b10010011;
   531  007E9E  0E93               	movlw	147
   532  007EA0  6E93               	movwf	3987,c	;volatile
   533                           
   534                           ;port.c: 26: PORTC = 0b00000000;
   535  007EA2  0E00               	movlw	0
   536  007EA4  6E82               	movwf	3970,c	;volatile
   537                           
   538                           ;port.c: 27: TRISC = 0b11100000;
   539  007EA6  0EE0               	movlw	224
   540  007EA8  6E94               	movwf	3988,c	;volatile
   541                           
   542                           ; BSR set to: 15
   543  007EAA  0012               	return	
   544  007EAC                     __end_of_initPorts:
   545                           	opt stack 0
   546                           tblptru	equ	0xFF8
   547                           tblptrh	equ	0xFF7
   548                           tblptrl	equ	0xFF6
   549                           tablat	equ	0xFF5
   550                           intcon	equ	0xFF2
   551                           indf0	equ	0xFEF
   552                           postinc0	equ	0xFEE
   553                           fsr0h	equ	0xFEA
   554                           fsr0l	equ	0xFE9
   555                           wreg	equ	0xFE8
   556                           status	equ	0xFD8
   557                           
   558 ;; *************** function _initComms *****************
   559 ;; Defined at:
   560 ;;		line 6 in file "usart.c"
   561 ;; Parameters:    Size  Location     Type
   562 ;;		None
   563 ;; Auto vars:     Size  Location     Type
   564 ;;		None
   565 ;; Return value:  Size  Location     Type
   566 ;;		None               void
   567 ;; Registers used:
   568 ;;		wreg, status,2
   569 ;; Tracked objects:
   570 ;;		On entry : 0/0
   571 ;;		On exit  : 0/0
   572 ;;		Unchanged: 0/0
   573 ;; Data sizes:     COMRAM   BANK0   BANK1   BANK2   BANK3   BANK4   BANK5   BANK6   BANK7   BANK8   BANK9  BANK10  BANK1
      +1  BANK12  BANK13  BANK14
   574 ;;      Params:         0       0       0       0       0       0       0       0       0       0       0       0       
      +0       0       0       0
   575 ;;      Locals:         0       0       0       0       0       0       0       0       0       0       0       0       
      +0       0       0       0
   576 ;;      Temps:          0       0       0       0       0       0       0       0       0       0       0       0       
      +0       0       0       0
   577 ;;      Totals:         0       0       0       0       0       0       0       0       0       0       0       0       
      +0       0       0       0
   578 ;;Total ram usage:        0 bytes
   579 ;; Hardware stack levels used:    1
   580 ;; This function calls:
   581 ;;		Nothing
   582 ;; This function is called by:
   583 ;;		_main
   584 ;; This function uses a non-reentrant model
   585 ;;
   586                           
   587                           	psect	text4
   588  007EAC                     __ptext4:
   589                           	opt stack 0
   590  007EAC                     _initComms:
   591                           	opt stack 30
   592                           
   593                           ;usart.c: 22: TXSTA2bits.CSRC = 0;
   594                           
   595                           ; BSR set to: 15
   596                           ;incstack = 0
   597  007EAC  9EBA               	bcf	4026,7,c	;volatile
   598                           
   599                           ;usart.c: 23: TXSTA2bits.TX9 = 0;
   600  007EAE  9CBA               	bcf	4026,6,c	;volatile
   601                           
   602                           ;usart.c: 24: TXSTA2bits.TXEN = 1;
   603  007EB0  8ABA               	bsf	4026,5,c	;volatile
   604                           
   605                           ;usart.c: 25: TXSTA2bits.SYNC = 0;
   606  007EB2  98BA               	bcf	4026,4,c	;volatile
   607                           
   608                           ;usart.c: 26: TXSTA2bits.SENDB = 0;
   609  007EB4  96BA               	bcf	4026,3,c	;volatile
   610                           
   611                           ;usart.c: 27: TXSTA2bits.BRGH = 1;
   612  007EB6  84BA               	bsf	4026,2,c	;volatile
   613                           
   614                           ;usart.c: 28: TXSTA2bits.TRMT = 1;
   615  007EB8  82BA               	bsf	4026,1,c	;volatile
   616                           
   617                           ;usart.c: 29: TXSTA2bits.TX9D = 0;
   618  007EBA  90BA               	bcf	4026,0,c	;volatile
   619                           
   620                           ;usart.c: 31: RCSTA2bits.SPEN = 1;
   621  007EBC  8EA6               	bsf	4006,7,c	;volatile
   622                           
   623                           ;usart.c: 32: RCSTA2bits.RX9 = 0;
   624  007EBE  9CA6               	bcf	4006,6,c	;volatile
   625                           
   626                           ;usart.c: 33: RCSTA2bits.SREN = 0;
   627  007EC0  9AA6               	bcf	4006,5,c	;volatile
   628                           
   629                           ;usart.c: 34: RCSTA2bits.CREN = 1;
   630  007EC2  88A6               	bsf	4006,4,c	;volatile
   631                           
   632                           ;usart.c: 35: RCSTA2bits.ADDEN = 0;
   633  007EC4  96A6               	bcf	4006,3,c	;volatile
   634                           
   635                           ;usart.c: 36: RCSTA2bits.FERR = 0;
   636  007EC6  94A6               	bcf	4006,2,c	;volatile
   637                           
   638                           ;usart.c: 37: RCSTA2bits.OERR = 0;
   639  007EC8  92A6               	bcf	4006,1,c	;volatile
   640                           
   641                           ;usart.c: 38: RCSTA2bits.RX9D = 0;
   642  007ECA  90A6               	bcf	4006,0,c	;volatile
   643                           
   644                           ;usart.c: 40: BAUDCON2bits.ABDOVF = 0;
   645  007ECC  9EB9               	bcf	4025,7,c	;volatile
   646                           
   647                           ;usart.c: 41: BAUDCON2bits.RCIDL = 1;
   648  007ECE  8CB9               	bsf	4025,6,c	;volatile
   649                           
   650                           ;usart.c: 42: BAUDCON2bits.RXDTP = 0;
   651  007ED0  9AB9               	bcf	4025,5,c	;volatile
   652                           
   653                           ;usart.c: 43: BAUDCON2bits.TXCKP = 0;
   654  007ED2  98B9               	bcf	4025,4,c	;volatile
   655                           
   656                           ;usart.c: 44: BAUDCON2bits.BRG16 = 1;
   657  007ED4  86B9               	bsf	4025,3,c	;volatile
   658                           
   659                           ;usart.c: 45: BAUDCON2bits.WUE = 0;
   660  007ED6  92B9               	bcf	4025,1,c	;volatile
   661                           
   662                           ;usart.c: 46: BAUDCON2bits.ABDEN = 0;
   663  007ED8  90B9               	bcf	4025,0,c	;volatile
   664                           
   665                           ;usart.c: 48: SPBRGH2 = 0;
   666  007EDA  0E00               	movlw	0
   667  007EDC  6E7C               	movwf	3964,c	;volatile
   668                           
   669                           ;usart.c: 49: SPBRG = 103;
   670  007EDE  0E67               	movlw	103
   671  007EE0  6EAF               	movwf	4015,c	;volatile
   672                           
   673                           ;usart.c: 51: SPBRG2 = 25;
   674  007EE2  0E19               	movlw	25
   675  007EE4  6E7B               	movwf	3963,c	;volatile
   676  007EE6  0012               	return	
   677  007EE8                     __end_of_initComms:
   678                           	opt stack 0
   679  0000                     tblptru	equ	0xFF8
   680                           tblptrh	equ	0xFF7
   681                           tblptrl	equ	0xFF6
   682                           tablat	equ	0xFF5
   683                           intcon	equ	0xFF2
   684                           indf0	equ	0xFEF
   685                           postinc0	equ	0xFEE
   686                           fsr0h	equ	0xFEA
   687                           fsr0l	equ	0xFE9
   688                           wreg	equ	0xFE8
   689                           status	equ	0xFD8
   690                           tblptru	equ	0xFF8
   691                           tblptrh	equ	0xFF7
   692                           tblptrl	equ	0xFF6
   693                           tablat	equ	0xFF5
   694                           intcon	equ	0xFF2
   695                           indf0	equ	0xFEF
   696                           postinc0	equ	0xFEE
   697                           fsr0h	equ	0xFEA
   698                           fsr0l	equ	0xFE9
   699                           wreg	equ	0xFE8
   700                           status	equ	0xFD8
   701                           
   702                           	psect	rparam
   703  0000                     tblptru	equ	0xFF8
   704                           tblptrh	equ	0xFF7
   705                           tblptrl	equ	0xFF6
   706                           tablat	equ	0xFF5
   707                           intcon	equ	0xFF2
   708                           indf0	equ	0xFEF
   709                           postinc0	equ	0xFEE
   710                           fsr0h	equ	0xFEA
   711                           fsr0l	equ	0xFE9
   712                           wreg	equ	0xFE8
   713                           status	equ	0xFD8


Data Sizes:
    Strings     0
    Constant    0
    Data        0
    BSS         83
    Persistent  0
    Stack       0

Auto Spaces:
    Space          Size  Autos    Used
    COMRAM           95     14      17
    BANK0           160      0      80
    BANK1           256      0       0
    BANK2           256      0       0
    BANK3           256      0       0
    BANK4           256      0       0
    BANK5           256      0       0
    BANK6           256      0       0
    BANK7           256      0       0
    BANK8           256      0       0
    BANK9           256      0       0
    BANK10          256      0       0
    BANK11          256      0       0
    BANK12          256      0       0
    BANK13          256      0       0
    BANK14           65      0       0

Pointer List with Targets:

    writeStringToUART@msg	PTR const unsigned char  size(3) Largest target is 32767
		 -> ROM(CODE[32767]), msg(BANK0[80]), 


Critical Paths under _main in COMRAM

    _main->_readAddress

Critical Paths under _main in BANK0

    None.

Critical Paths under _main in BANK1

    None.

Critical Paths under _main in BANK2

    None.

Critical Paths under _main in BANK3

    None.

Critical Paths under _main in BANK4

    None.

Critical Paths under _main in BANK5

    None.

Critical Paths under _main in BANK6

    None.

Critical Paths under _main in BANK7

    None.

Critical Paths under _main in BANK8

    None.

Critical Paths under _main in BANK9

    None.

Critical Paths under _main in BANK10

    None.

Critical Paths under _main in BANK11

    None.

Critical Paths under _main in BANK12

    None.

Critical Paths under _main in BANK13

    None.

Critical Paths under _main in BANK14

    None.

Call Graph Tables:

 ---------------------------------------------------------------------------------
 (Depth) Function   	        Calls       Base Space   Used Autos Params    Refs
 ---------------------------------------------------------------------------------
 (0) _main                                                 9     9      0     311
                                              5 COMRAM     9     9      0
                          _initComms
                          _initPorts
                        _readAddress
                  _writeStringToUART
 ---------------------------------------------------------------------------------
 (1) _writeStringToUART                                    3     0      3     257
                                              0 COMRAM     3     0      3
 ---------------------------------------------------------------------------------
 (1) _readAddress                                          5     5      0       0
                                              0 COMRAM     5     5      0
 ---------------------------------------------------------------------------------
 (1) _initPorts                                            0     0      0       0
 ---------------------------------------------------------------------------------
 (1) _initComms                                            0     0      0       0
 ---------------------------------------------------------------------------------
 Estimated maximum stack depth 1
 ---------------------------------------------------------------------------------

 Call Graph Graphs:

 _main (ROOT)
   _initComms
   _initPorts
   _readAddress
   _writeStringToUART

 Address spaces:
Name               Size   Autos  Total    Cost      Usage
BIGRAM             E40      0       0      35        0.0%
EEDATA             400      0       0       0        0.0%
BITBANK13          100      0       0      31        0.0%
BANK13             100      0       0      32        0.0%
BITBANK12          100      0       0      29        0.0%
BANK12             100      0       0      30        0.0%
BITBANK11          100      0       0      27        0.0%
BANK11             100      0       0      28        0.0%
BITBANK10          100      0       0      25        0.0%
BANK10             100      0       0      26        0.0%
BITBANK9           100      0       0      23        0.0%
BANK9              100      0       0      24        0.0%
BITBANK8           100      0       0      21        0.0%
BANK8              100      0       0      22        0.0%
BITBANK7           100      0       0      19        0.0%
BANK7              100      0       0      20        0.0%
BITBANK6           100      0       0      17        0.0%
BANK6              100      0       0      18        0.0%
BITBANK5           100      0       0      15        0.0%
BANK5              100      0       0      16        0.0%
BITBANK4           100      0       0      13        0.0%
BANK4              100      0       0      14        0.0%
BITBANK3           100      0       0      11        0.0%
BANK3              100      0       0      12        0.0%
BITBANK2           100      0       0       9        0.0%
BANK2              100      0       0      10        0.0%
BITBANK1           100      0       0       7        0.0%
BANK1              100      0       0       8        0.0%
BITBANK0            A0      0       0       4        0.0%
BANK0               A0      0      50       5       50.0%
BITCOMRAM           5F      0       0       0        0.0%
COMRAM              5F      E      11       1       17.9%
BITBANK14           41      0       0      33        0.0%
BANK14              41      0       0      34        0.0%
BITSFR_2             0      0       0      40        0.0%
SFR_2                0      0       0      40        0.0%
BITSFR_1             0      0       0      40        0.0%
SFR_1                0      0       0      40        0.0%
BITSFR               0      0       0      40        0.0%
SFR                  0      0       0      40        0.0%
STACK                0      0       0       2        0.0%
NULL                 0      0       0       0        0.0%
ABS                  0      0      61       6        0.0%
DATA                 0      0      61       3        0.0%
CODE                 0      0       0       0        0.0%


Microchip Technology PIC18 Macro Assembler V1.33 build 59893 
Symbol Table                                                                                   Tue Oct 21 11:19:00 2014

               __CFG_CP0$ON 000000                 __CFG_CP1$ON 000000                 __CFG_CP2$ON 000000  
               __CFG_CP3$ON 000000                          l78 7F3C                 __CFG_CPB$ON 000000  
               __CFG_CPD$ON 000000                 __CFG_BORV$3 000000                         l811 7FD8  
                       l805 7FC0                         l827 7FE4                         l819 7FDE  
                       l837 7FEA                         l789 7F6E                         _GIE 007F97  
                       _RA0 007C00                         _RA2 007C02                         _RA3 007C03  
                       u120 7EF0                         u130 7EFC                         u140 7F0E  
                       u150 7F22                         u126 7EF2                         u136 7EFE  
                       u146 7F10                         u170 7F60                         u156 7F24  
                       u180 7F8E                         u177 7F56                         u187 7F84  
                       _msg 0060                         wreg 000FE8                  _TXSTA2bits 000FBA  
               main@address 000C                        _ADON 007E10                        _PEIE 007F96  
              __CFG_WRT0$ON 000000                __CFG_WRT1$ON 000000                __CFG_WRT2$ON 000000  
              __CFG_WRT3$ON 000000               __CFG_EBTR0$ON 000000               __CFG_EBTR1$ON 000000  
             __CFG_EBTR2$ON 000000               __CFG_EBTR3$ON 000000                __CFG_WRTB$ON 000000  
              __CFG_WRTC$ON 000000                __CFG_WRTD$ON 000000               __CFG_EBTRB$ON 000000  
                      _main 7F96                        fsr0h 000FEA                        indf0 000FEF  
                      fsr0l 000FE9                        start 0000               __CFG_IESO$OFF 000000  
              ?_readAddress 0001               __CFG_RETEN$ON 000000                _BAUDCON2bits 000FB9  
                     ?_main 0001                       _SPBRG 000FAF                       _PORTA 000F80  
                     _PORTB 000F81                       _PORTC 000F82                       _TRISA 000F92  
                     _TRISB 000F93                       _TRISC 000F94              __CFG_FCMEN$OFF 000000  
                     _state 0011                       main@i 0006                       tablat 000FF5  
         _writeStringToUART 7F3A                       status 000FD8          ?_writeStringToUART 0001  
            __CFG_MCLRE$OFF 000000             __initialization 7E68                __end_of_main 8000  
       ??_writeStringToUART 0004                      ??_main 0006               __activetblptr 000003  
                    _ADCON1 000FC1                      _ADCON2 000FC0                      _ANCON0 000F5D  
 __end_of_writeStringToUART 7F96             __CFG_BBSIZ$BB2K 000000              __CFG_WDTEN$OFF 000000  
                    _RCREG2 000F7A                      _OSCCON 000FD3                      _SPBRG2 000F7B  
                    _TXREG2 000F79              __CFG_PWRTEN$ON 000000              __CFG_XINST$OFF 000000  
            __CFG_STVREN$ON 000000                      clear_0 7E6E                      tblptrh 000FF7  
                    tblptrl 000FF6                      tblptru 000FF8                  __accesstop 0060  
   __end_of__initialization 7E7A              __pcstackCOMRAM 0001        __size_of_readAddress 0052  
__size_of_writeStringToUART 005C                  __pbssBANK0 0060             __CFG_PLLCFG$OFF 000000  
        __size_of_initComms 003C          __size_of_initPorts 002C            __CFG_CANMX$PORTB 000000  
                   _SPBRGH2 000F7C                     __Hparam 0000                     __Lparam 0000  
                   __pcinit 7E68                     __ramtop 0F00                     __ptext0 7F96  
                   __ptext1 7F3A                     __ptext2 7EE8                     __ptext3 7E80  
                   __ptext4 7EAC           __end_of_initComms 7EE8           __end_of_initPorts 7EAC  
         __CFG_MSSPMSK$MSK7 000000        writeStringToUART@msg 0001        end_of_initialization 7E7A  
                   postinc0 000FEE            __CFG_FOSC$INTIO2 000000         start_initialization 7E68  
             ??_readAddress 0001                 __pbssCOMRAM 000F                 _delay_ticks 000F  
       __end_of_readAddress 7F3A                   _initComms 7EAC                   _initPorts 7E80  
                  _PIR3bits 000FA4            __CFG_SOSCSEL$DIG 000000                  ?_initComms 0001  
                ?_initPorts 0001                    __Hrparam 0000                 _readAddress 7EE8  
                  __Lrparam 0000          __CFG_BOREN$SBORDIS 000000               __size_of_main 006A  
                  main@i_94 000D                    main@i_86 0008                    main@i_87 000A  
       __CFG_INTOSCSEL$HIGH 000000                 ??_initComms 0001                 ??_initPorts 0001  
                _RCSTA2bits 000FA6          __CFG_WDTPS$1048576 000000         __CFG_BORPWR$ZPBORMV 000000  
