

Microchip Technology PIC18 LITE Macro Assembler V1.33 build 59893 
                                                                                               Tue Oct 21 10:26:27 2014

Microchip Technology Omniscient Code Generator (Lite mode) build 59893
     1                           	processor	18F25K80
     2                           	fnconf	rparam,??,?,0
     3                           	opt	pw 120
     4                           	opt	lm
     5                           	psect	idataBANK0,global,class=CODE,delta=1
     6                           	psect	cinit,global,reloc=2,class=CODE,delta=1
     7                           	psect	bssCOMRAM,global,class=COMRAM,space=1,delta=1
     8                           	psect	bssBANK0,global,class=BANK0,space=1,delta=1
     9                           	psect	dataBANK0,global,class=BANK0,space=1,delta=1
    10                           	psect	cstackCOMRAM,global,class=COMRAM,space=1,delta=1
    11                           	psect	text0,global,reloc=2,class=CODE,delta=1
    12                           	psect	text1,global,reloc=2,class=CODE,delta=1
    13                           	psect	text2,global,reloc=2,class=CODE,delta=1
    14                           	psect	text3,global,reloc=2,class=CODE,delta=1
    15                           	psect	text4,global,reloc=2,class=CODE,delta=1
    16                           	psect	intsave_regs,global,class=BIGRAM,space=1,delta=1
    17                           	psect	rparam,global,class=COMRAM,space=1,delta=1
    18  0000                     
    19                           	psect	idataBANK0
    20  007EF2                     __pidataBANK0:
    21                           	opt stack 0
    22                           
    23                           ;initializer for main@F19157
    24  007EF2  54                 	db	84
    25  007EF3  65                 	db	101
    26  007EF4  73                 	db	115
    27  007EF5  74                 	db	116
    28  007EF6  20                 	db	32
    29  007EF7  E9                 	db	233
    30  007EF8  6D                 	db	109
    31  007EF9  69                 	db	105
    32  007EFA  73                 	db	115
    33  007EFB  73                 	db	115
    34  007EFC  69                 	db	105
    35  007EFD  6F                 	db	111
    36  007EFE  6E                 	db	110
    37  007EFF  20                 	db	32
    38  007F00  75                 	db	117
    39  007F01  61                 	db	97
    40  007F02  72                 	db	114
    41  007F03  74                 	db	116
    42  007F04  20                 	db	32
    43  007F05  0A                 	db	10
    44  007F06  20                 	db	32
    45  007F07  0D                 	db	13
    46  007F08  00                 	db	0
    47  007F09  00                 	db	0
    48  007F0A  00                 	db	0
    49  007F0B  00                 	db	0
    50  007F0C  00                 	db	0
    51  007F0D  00                 	db	0
    52  007F0E  00                 	db	0
    53  007F0F  00                 	db	0
    54  007F10  00                 	db	0
    55  007F11  00                 	db	0
    56  007F12  00                 	db	0
    57  007F13  00                 	db	0
    58  007F14  00                 	db	0
    59  007F15  00                 	db	0
    60  007F16  00                 	db	0
    61  007F17  00                 	db	0
    62  007F18  00                 	db	0
    63  007F19  00                 	db	0
    64  007F1A  00                 	db	0
    65  007F1B  00                 	db	0
    66  007F1C  00                 	db	0
    67  007F1D  00                 	db	0
    68  007F1E  00                 	db	0
    69  007F1F  00                 	db	0
    70  007F20  00                 	db	0
    71  007F21  00                 	db	0
    72  007F22  00                 	db	0
    73  007F23  00                 	db	0
    74  007F24  00                 	db	0
    75  007F25  00                 	db	0
    76  007F26  00                 	db	0
    77  007F27  00                 	db	0
    78  007F28  00                 	db	0
    79  007F29  00                 	db	0
    80  007F2A  00                 	db	0
    81  007F2B  00                 	db	0
    82  007F2C  00                 	db	0
    83  007F2D  00                 	db	0
    84  007F2E  00                 	db	0
    85  007F2F  00                 	db	0
    86  007F30  00                 	db	0
    87  007F31  00                 	db	0
    88  007F32  00                 	db	0
    89  007F33  00                 	db	0
    90  007F34  00                 	db	0
    91  007F35  00                 	db	0
    92  007F36  00                 	db	0
    93  007F37  00                 	db	0
    94  007F38  00                 	db	0
    95  007F39  00                 	db	0
    96  007F3A  00                 	db	0
    97  007F3B  00                 	db	0
    98  007F3C  00                 	db	0
    99  007F3D  00                 	db	0
   100  007F3E  00                 	db	0
   101  007F3F  00                 	db	0
   102  007F40  00                 	db	0
   103  007F41  00                 	db	0
   104  0000                     _ADCON1	set	4033
   105  0000                     _ADCON2	set	4032
   106  0000                     _ANCON0	set	3933
   107  0000                     _BAUDCON2bits	set	4025
   108  0000                     _OSCCON	set	4051
   109  0000                     _PIR3bits	set	4004
   110  0000                     _PORTA	set	3968
   111  0000                     _PORTB	set	3969
   112  0000                     _PORTC	set	3970
   113  0000                     _RCREG2	set	3962
   114  0000                     _RCSTA2bits	set	4006
   115  0000                     _SPBRG	set	4015
   116  0000                     _SPBRG2	set	3963
   117  0000                     _SPBRGH2	set	3964
   118  0000                     _TRISA	set	3986
   119  0000                     _TRISB	set	3987
   120  0000                     _TRISC	set	3988
   121  0000                     _TXREG2	set	3961
   122  0000                     _TXSTA2bits	set	4026
   123  0000                     _ADON	set	32272
   124  0000                     _GIE	set	32663
   125  0000                     _PEIE	set	32662
   126  0000                     _RA0	set	31744
   127  0000                     _RA2	set	31746
   128  0000                     _RA3	set	31747
   129                           
   130                           ; #config settings
   131  0000                     
   132                           	psect	cinit
   133  007E7E                     __pcinit:
   134                           	opt stack 0
   135  007E7E                     start_initialization:
   136                           	opt stack 0
   137  007E7E                     __initialization:
   138                           	opt stack 0
   139                           
   140                           ; Clear objects allocated to BANK0 (80 bytes)
   141  007E7E  EE00  F060         	lfsr	0,__pbssBANK0
   142  007E82  0E50               	movlw	80
   143  007E84                     clear_0:
   144  007E84  6AEE               	clrf	postinc0,c
   145  007E86  06E8               	decf	wreg,f,c
   146  007E88  E1FD               	bnz	clear_0
   147                           
   148                           ; Clear objects allocated to COMRAM (3 bytes)
   149  007E8A  6A5B               	clrf	(__pbssCOMRAM+2)& (0+255),c
   150  007E8C  6A5A               	clrf	(__pbssCOMRAM+1)& (0+255),c
   151  007E8E  6A59               	clrf	__pbssCOMRAM& (0+255),c
   152                           
   153                           ; Initialize objects allocated to BANK0 (80 bytes)
   154                           ; load TBLPTR registers with __pidataBANK0
   155  007E90  0EF2               	movlw	low __pidataBANK0
   156  007E92  6EF6               	movwf	tblptrl,c
   157  007E94  0E7E               	movlw	high __pidataBANK0
   158  007E96  6EF7               	movwf	tblptrh,c
   159  007E98  0E00               	movlw	low (__pidataBANK0 shr (0+16))
   160  007E9A  6EF8               	movwf	tblptru,c
   161  007E9C  EE00  F0B0         	lfsr	0,__pdataBANK0
   162  007EA0  EE10 F050          	lfsr	1,80
   163  007EA4                     copy_data0:
   164  007EA4  0009               	tblrd		*+
   165  007EA6  CFF5 FFEE          	movff	tablat,postinc0
   166  007EAA  50E5               	movf	postdec1,w,c
   167  007EAC  50E1               	movf	fsr1l,w,c
   168  007EAE  E1FA               	bnz	copy_data0
   169  007EB0                     end_of_initialization:
   170                           	opt stack 0
   171  007EB0                     __end_of__initialization:
   172                           	opt stack 0
   173  007EB0  0100               	movlb	0
   174  007EB2  EFCA  F03F         	goto	_main	;jump to C main() function
   175                           tblptru	equ	0xFF8
   176                           tblptrh	equ	0xFF7
   177                           tblptrl	equ	0xFF6
   178                           tablat	equ	0xFF5
   179                           postinc0	equ	0xFEE
   180                           wreg	equ	0xFE8
   181                           postdec1	equ	0xFE5
   182                           fsr1l	equ	0xFE1
   183                           
   184                           	psect	bssCOMRAM
   185  000059                     __pbssCOMRAM:
   186                           	opt stack 0
   187  000059                     _delay_ticks:
   188                           	opt stack 0
   189  000059                     	ds	2
   190  00005B                     _state:
   191                           	opt stack 0
   192  00005B                     	ds	1
   193                           tblptru	equ	0xFF8
   194                           tblptrh	equ	0xFF7
   195                           tblptrl	equ	0xFF6
   196                           tablat	equ	0xFF5
   197                           postinc0	equ	0xFEE
   198                           wreg	equ	0xFE8
   199                           postdec1	equ	0xFE5
   200                           fsr1l	equ	0xFE1
   201                           
   202                           	psect	bssBANK0
   203  000060                     __pbssBANK0:
   204                           	opt stack 0
   205  000060                     _msg:
   206                           	opt stack 0
   207  000060                     	ds	80
   208                           tblptru	equ	0xFF8
   209                           tblptrh	equ	0xFF7
   210                           tblptrl	equ	0xFF6
   211                           tablat	equ	0xFF5
   212                           postinc0	equ	0xFEE
   213                           wreg	equ	0xFE8
   214                           postdec1	equ	0xFE5
   215                           fsr1l	equ	0xFE1
   216                           
   217                           	psect	dataBANK0
   218  0000B0                     __pdataBANK0:
   219                           	opt stack 0
   220  0000B0                     main@F19157:
   221                           	opt stack 0
   222  0000B0                     	ds	80
   223                           tblptru	equ	0xFF8
   224                           tblptrh	equ	0xFF7
   225                           tblptrl	equ	0xFF6
   226                           tablat	equ	0xFF5
   227                           postinc0	equ	0xFEE
   228                           wreg	equ	0xFE8
   229                           postdec1	equ	0xFE5
   230                           fsr1l	equ	0xFE1
   231                           
   232                           	psect	cstackCOMRAM
   233  000001                     __pcstackCOMRAM:
   234                           	opt stack 0
   235  000001                     ??_readAddress:
   236  000001                     writeStringToUART@msg:
   237                           	opt stack 0
   238                           
   239                           ; 2 bytes @ 0x0
   240  000001                     	ds	2
   241  000003                     
   242                           ; 0 bytes @ 0x2
   243  000003                     	ds	3
   244  000006                     main@msg1:
   245                           	opt stack 0
   246                           
   247                           ; 80 bytes @ 0x5
   248  000006                     	ds	80
   249  000056                     main@address:
   250                           	opt stack 0
   251                           
   252                           ; 1 bytes @ 0x55
   253  000056                     	ds	1
   254  000057                     main@i:
   255                           	opt stack 0
   256                           
   257                           ; 2 bytes @ 0x56
   258  000057                     	ds	2
   259                           tblptru	equ	0xFF8
   260                           tblptrh	equ	0xFF7
   261                           tblptrl	equ	0xFF6
   262                           tablat	equ	0xFF5
   263                           postinc0	equ	0xFEE
   264                           wreg	equ	0xFE8
   265                           postdec1	equ	0xFE5
   266                           fsr1l	equ	0xFE1
   267                           
   268 ;;
   269 ;;Main: autosize = 0, tempsize = 0, incstack = 0, save=0
   270 ;;
   271 ;; *************** function _main *****************
   272 ;; Defined at:
   273 ;;		line 79 in file "main.c"
   274 ;; Parameters:    Size  Location     Type
   275 ;;		None
   276 ;; Auto vars:     Size  Location     Type
   277 ;;  i               2   86[COMRAM] int 
   278 ;;  msg1           80    5[COMRAM] unsigned char [80]
   279 ;;  msg2           80    0        unsigned char [80]
   280 ;;  address         1   85[COMRAM] unsigned char 
   281 ;; Return value:  Size  Location     Type
   282 ;;		None               void
   283 ;; Registers used:
   284 ;;		wreg, fsr1l, fsr1h, fsr2l, fsr2h, status,2, status,0, cstack
   285 ;; Tracked objects:
   286 ;;		On entry : 0/0
   287 ;;		On exit  : 0/0
   288 ;;		Unchanged: 0/0
   289 ;; Data sizes:     COMRAM   BANK0   BANK1   BANK2   BANK3   BANK4   BANK5   BANK6   BANK7   BANK8   BANK9  BANK10  BANK1
      +1  BANK12  BANK13  BANK14
   290 ;;      Params:         0       0       0       0       0       0       0       0       0       0       0       0       
      +0       0       0       0
   291 ;;      Locals:        83       0       0       0       0       0       0       0       0       0       0       0       
      +0       0       0       0
   292 ;;      Temps:          0       0       0       0       0       0       0       0       0       0       0       0       
      +0       0       0       0
   293 ;;      Totals:        83       0       0       0       0       0       0       0       0       0       0       0       
      +0       0       0       0
   294 ;;Total ram usage:       83 bytes
   295 ;; Hardware stack levels required when called:    1
   296 ;; This function calls:
   297 ;;		_initComms
   298 ;;		_initPorts
   299 ;;		_readAddress
   300 ;;		_writeStringToUART
   301 ;; This function is called by:
   302 ;;		Startup code after reset
   303 ;; This function uses a non-reentrant model
   304 ;;
   305                           
   306                           	psect	text0
   307  007F94                     __ptext0:
   308                           	opt stack 0
   309  007F94                     _main:
   310                           	opt stack 30
   311                           
   312                           ;main.c: 81: unsigned char address = 0;
   313                           
   314                           ;incstack = 0
   315  007F94  0E00               	movlw	0
   316  007F96  6E56               	movwf	main@address,c
   317                           
   318                           ;main.c: 82: char msg1[80] = "Test émission uart \n \r";
   319  007F98  EE20  F0B0         	lfsr	2,main@F19157
   320  007F9C  EE10  F006         	lfsr	1,main@msg1
   321  007FA0  0E50               	movlw	80
   322  007FA2                     u171:
   323  007FA2  CFDE FFE6          	movff	postinc2,postinc1
   324  007FA6  2EE8               	decfsz	wreg,f,c
   325  007FA8  D7FC               	goto	u171
   326                           
   327                           ;main.c: 84: char msg2[80];
   328                           ;main.c: 88: initPorts();
   329  007FAA  EC29  F03F         	call	_initPorts	;wreg free
   330                           
   331                           ;main.c: 89: initComms();
   332  007FAE  EC5B  F03F         	call	_initComms	;wreg free
   333                           
   334                           ;main.c: 91: GIE = 1;
   335  007FB2  8EF2               	bsf	intcon,7,c	;volatile
   336                           
   337                           ;main.c: 92: PEIE = 1;
   338  007FB4  8CF2               	bsf	intcon,6,c	;volatile
   339                           
   340                           ;main.c: 97: address = readAddress();
   341  007FB6  ECA1  F03F         	call	_readAddress	;wreg free
   342  007FBA  6E56               	movwf	main@address,c
   343                           
   344                           ;main.c: 99: writeStringToUART (msg);
   345  007FBC  0100               	movlb	0	; () banked
   346  007FBE  0E00               	movlw	high _msg
   347  007FC0  6E02               	movwf	writeStringToUART@msg+1,c
   348  007FC2  0100               	movlb	0	; () banked
   349  007FC4  0E60               	movlw	low _msg
   350  007FC6  6E01               	movwf	writeStringToUART@msg,c
   351  007FC8  EC16  F03F         	call	_writeStringToUART	;wreg free
   352  007FCC                     l785:
   353                           
   354                           ;main.c: 102: writeStringToUART (msg1);
   355  007FCC  0E00               	movlw	high main@msg1
   356  007FCE  6E02               	movwf	writeStringToUART@msg+1,c
   357  007FD0  0E06               	movlw	low main@msg1
   358  007FD2  6E01               	movwf	writeStringToUART@msg,c
   359  007FD4  EC16  F03F         	call	_writeStringToUART	;wreg free
   360                           
   361                           ;main.c: 104: if (PIR3bits.RC2IF == 1)
   362  007FD8  AAA4               	btfss	4004,5,c	;volatile
   363  007FDA  D7F8               	goto	l785
   364                           
   365                           ;main.c: 105: {
   366                           ;main.c: 106: TXREG2 = RCREG2 ;
   367  007FDC  CF7A FF79          	movff	3962,3961	;volatile
   368                           
   369                           ;main.c: 107: PIR3bits.RC2IF =0;
   370  007FE0  9AA4               	bcf	4004,5,c	;volatile
   371                           
   372                           ;main.c: 109: for (int i = 0 ; i< 100 ; i++) {}
   373  007FE2  0E00               	movlw	0
   374  007FE4  6E58               	movwf	main@i+1,c
   375  007FE6  0E00               	movlw	0
   376  007FE8  6E57               	movwf	main@i,c
   377  007FEA  5058               	movf	main@i+1,w,c
   378  007FEC  0A80               	xorlw	128
   379  007FEE  0F80               	addlw	-128
   380  007FF0  0E64               	movlw	100
   381  007FF2  B4D8               	btfsc	status,2,c
   382  007FF4  5C57               	subwf	main@i,w,c
   383  007FF6  B0D8               	btfsc	status,0,c
   384  007FF8  D7E9               	goto	l785
   385  007FFA  4A57               	infsnz	main@i,f,c
   386  007FFC  2A58               	incf	main@i+1,f,c
   387  007FFE  D7F5               	goto	L1
   388  008000                     __end_of_main:
   389                           	opt stack 0
   390                           tblptru	equ	0xFF8
   391                           tblptrh	equ	0xFF7
   392                           tblptrl	equ	0xFF6
   393                           tablat	equ	0xFF5
   394                           intcon	equ	0xFF2
   395                           postinc0	equ	0xFEE
   396                           wreg	equ	0xFE8
   397                           postinc1	equ	0xFE6
   398                           postdec1	equ	0xFE5
   399                           fsr1l	equ	0xFE1
   400                           postinc2	equ	0xFDE
   401                           status	equ	0xFD8
   402                           
   403 ;; *************** function _writeStringToUART *****************
   404 ;; Defined at:
   405 ;;		line 57 in file "usart.c"
   406 ;; Parameters:    Size  Location     Type
   407 ;;  msg             2    0[COMRAM] PTR const unsigned char 
   408 ;;		 -> msg(80), main@msg1(80), 
   409 ;; Auto vars:     Size  Location     Type
   410 ;;		None
   411 ;; Return value:  Size  Location     Type
   412 ;;		None               void
   413 ;; Registers used:
   414 ;;		wreg, fsr2l, fsr2h, status,2, status,0
   415 ;; Tracked objects:
   416 ;;		On entry : 0/0
   417 ;;		On exit  : 0/0
   418 ;;		Unchanged: 0/0
   419 ;; Data sizes:     COMRAM   BANK0   BANK1   BANK2   BANK3   BANK4   BANK5   BANK6   BANK7   BANK8   BANK9  BANK10  BANK1
      +1  BANK12  BANK13  BANK14
   420 ;;      Params:         2       0       0       0       0       0       0       0       0       0       0       0       
      +0       0       0       0
   421 ;;      Locals:         0       0       0       0       0       0       0       0       0       0       0       0       
      +0       0       0       0
   422 ;;      Temps:          0       0       0       0       0       0       0       0       0       0       0       0       
      +0       0       0       0
   423 ;;      Totals:         2       0       0       0       0       0       0       0       0       0       0       0       
      +0       0       0       0
   424 ;;Total ram usage:        2 bytes
   425 ;; Hardware stack levels used:    1
   426 ;; This function calls:
   427 ;;		Nothing
   428 ;; This function is called by:
   429 ;;		_main
   430 ;; This function uses a non-reentrant model
   431 ;;
   432                           
   433                           	psect	text1
   434  007E2C                     __ptext1:
   435                           	opt stack 0
   436  007E2C                     _writeStringToUART:
   437                           	opt stack 30
   438                           
   439                           ;usart.c: 59: while(*msg) {
   440                           
   441                           ;incstack = 0
   442  007E2C  D00A               	goto	l767
   443  007E2E                     l74:
   444  007E2E  A8A4               	btfss	4004,4,c	;volatile
   445  007E30  D7FE               	goto	l74
   446                           
   447                           ;usart.c: 61: TXREG2 = *msg++;
   448  007E32  C001  FFD9         	movff	writeStringToUART@msg,fsr2l
   449  007E36  C002  FFDA         	movff	writeStringToUART@msg+1,fsr2h
   450  007E3A  50DF               	movf	indf2,w,c
   451  007E3C  6E79               	movwf	3961,c	;volatile
   452  007E3E  4A01               	infsnz	writeStringToUART@msg,f,c
   453  007E40  2A02               	incf	writeStringToUART@msg+1,f,c
   454  007E42                     l767:
   455  007E42  C001  FFD9         	movff	writeStringToUART@msg,fsr2l
   456  007E46  C002  FFDA         	movff	writeStringToUART@msg+1,fsr2h
   457  007E4A  50DF               	movf	indf2,w,c
   458  007E4C  B4D8               	btfsc	status,2,c
   459  007E4E  0012               	return	
   460  007E50  D7EE               	goto	l74
   461  007E52                     __end_of_writeStringToUART:
   462                           	opt stack 0
   463                           tblptru	equ	0xFF8
   464                           tblptrh	equ	0xFF7
   465                           tblptrl	equ	0xFF6
   466                           tablat	equ	0xFF5
   467                           intcon	equ	0xFF2
   468                           postinc0	equ	0xFEE
   469                           wreg	equ	0xFE8
   470                           postinc1	equ	0xFE6
   471                           postdec1	equ	0xFE5
   472                           fsr1l	equ	0xFE1
   473                           indf2	equ	0xFDF
   474                           postinc2	equ	0xFDE
   475                           fsr2h	equ	0xFDA
   476                           fsr2l	equ	0xFD9
   477                           status	equ	0xFD8
   478                           
   479 ;; *************** function _readAddress *****************
   480 ;; Defined at:
   481 ;;		line 118 in file "main.c"
   482 ;; Parameters:    Size  Location     Type
   483 ;;		None
   484 ;; Auto vars:     Size  Location     Type
   485 ;;		None
   486 ;; Return value:  Size  Location     Type
   487 ;;                  1    wreg      unsigned char 
   488 ;; Registers used:
   489 ;;		wreg, status,2, status,0
   490 ;; Tracked objects:
   491 ;;		On entry : 0/0
   492 ;;		On exit  : 0/0
   493 ;;		Unchanged: 0/0
   494 ;; Data sizes:     COMRAM   BANK0   BANK1   BANK2   BANK3   BANK4   BANK5   BANK6   BANK7   BANK8   BANK9  BANK10  BANK1
      +1  BANK12  BANK13  BANK14
   495 ;;      Params:         0       0       0       0       0       0       0       0       0       0       0       0       
      +0       0       0       0
   496 ;;      Locals:         0       0       0       0       0       0       0       0       0       0       0       0       
      +0       0       0       0
   497 ;;      Temps:          5       0       0       0       0       0       0       0       0       0       0       0       
      +0       0       0       0
   498 ;;      Totals:         5       0       0       0       0       0       0       0       0       0       0       0       
      +0       0       0       0
   499 ;;Total ram usage:        5 bytes
   500 ;; Hardware stack levels used:    1
   501 ;; This function calls:
   502 ;;		Nothing
   503 ;; This function is called by:
   504 ;;		_main
   505 ;; This function uses a non-reentrant model
   506 ;;
   507                           
   508                           	psect	text2
   509  007F42                     __ptext2:
   510                           	opt stack 0
   511  007F42                     _readAddress:
   512                           	opt stack 30
   513                           
   514                           ;main.c: 120: return !RA3 << 3 | !RA2 << 2 | !RA2 << 1 | !RA0;
   515                           
   516                           ;incstack = 0
   517  007F42  B080               	btfsc	3968,0,c	;volatile
   518  007F44  D002               	goto	u110
   519  007F46  0E01               	movlw	1
   520  007F48  D001               	goto	u116
   521  007F4A                     u110:
   522  007F4A  0E00               	movlw	0
   523  007F4C                     u116:
   524  007F4C  6E01               	movwf	??_readAddress& (0+255),c
   525  007F4E  B480               	btfsc	3968,2,c	;volatile
   526  007F50  D002               	goto	u120
   527  007F52  0E01               	movlw	1
   528  007F54  D001               	goto	u126
   529  007F56                     u120:
   530  007F56  0E00               	movlw	0
   531  007F58                     u126:
   532  007F58  6E02               	movwf	(??_readAddress+1)& (0+255),c
   533  007F5A  90D8               	bcf	status,0,c
   534  007F5C  3402               	rlcf	??_readAddress+1,w,c
   535  007F5E  6E03               	movwf	(??_readAddress+2)& (0+255),c
   536  007F60  B480               	btfsc	3968,2,c	;volatile
   537  007F62  D002               	goto	u130
   538  007F64  0E01               	movlw	1
   539  007F66  D001               	goto	u136
   540  007F68                     u130:
   541  007F68  0E00               	movlw	0
   542  007F6A                     u136:
   543  007F6A  6E04               	movwf	(??_readAddress+3)& (0+255),c
   544  007F6C  90D8               	bcf	status,0,c
   545  007F6E  3604               	rlcf	??_readAddress+3,f,c
   546  007F70  90D8               	bcf	status,0,c
   547  007F72  3604               	rlcf	??_readAddress+3,f,c
   548  007F74  B680               	btfsc	3968,3,c	;volatile
   549  007F76  D002               	goto	u140
   550  007F78  0E01               	movlw	1
   551  007F7A  D001               	goto	u146
   552  007F7C                     u140:
   553  007F7C  0E00               	movlw	0
   554  007F7E                     u146:
   555  007F7E  6E05               	movwf	(??_readAddress+4)& (0+255),c
   556  007F80  90D8               	bcf	status,0,c
   557  007F82  3605               	rlcf	??_readAddress+4,f,c
   558  007F84  90D8               	bcf	status,0,c
   559  007F86  3605               	rlcf	??_readAddress+4,f,c
   560  007F88  90D8               	bcf	status,0,c
   561  007F8A  3405               	rlcf	??_readAddress+4,w,c
   562  007F8C  1004               	iorwf	??_readAddress+3,w,c
   563  007F8E  1003               	iorwf	??_readAddress+2,w,c
   564  007F90  1001               	iorwf	??_readAddress,w,c
   565  007F92  0012               	return	
   566  007F94                     __end_of_readAddress:
   567                           	opt stack 0
   568                           tblptru	equ	0xFF8
   569                           tblptrh	equ	0xFF7
   570                           tblptrl	equ	0xFF6
   571                           tablat	equ	0xFF5
   572                           intcon	equ	0xFF2
   573                           postinc0	equ	0xFEE
   574                           wreg	equ	0xFE8
   575                           postinc1	equ	0xFE6
   576                           postdec1	equ	0xFE5
   577                           fsr1l	equ	0xFE1
   578                           indf2	equ	0xFDF
   579                           postinc2	equ	0xFDE
   580                           fsr2h	equ	0xFDA
   581                           fsr2l	equ	0xFD9
   582                           status	equ	0xFD8
   583                           
   584 ;; *************** function _initPorts *****************
   585 ;; Defined at:
   586 ;;		line 7 in file "port.c"
   587 ;; Parameters:    Size  Location     Type
   588 ;;		None
   589 ;; Auto vars:     Size  Location     Type
   590 ;;		None
   591 ;; Return value:  Size  Location     Type
   592 ;;		None               void
   593 ;; Registers used:
   594 ;;		wreg, status,2
   595 ;; Tracked objects:
   596 ;;		On entry : 0/0
   597 ;;		On exit  : 0/0
   598 ;;		Unchanged: 0/0
   599 ;; Data sizes:     COMRAM   BANK0   BANK1   BANK2   BANK3   BANK4   BANK5   BANK6   BANK7   BANK8   BANK9  BANK10  BANK1
      +1  BANK12  BANK13  BANK14
   600 ;;      Params:         0       0       0       0       0       0       0       0       0       0       0       0       
      +0       0       0       0
   601 ;;      Locals:         0       0       0       0       0       0       0       0       0       0       0       0       
      +0       0       0       0
   602 ;;      Temps:          0       0       0       0       0       0       0       0       0       0       0       0       
      +0       0       0       0
   603 ;;      Totals:         0       0       0       0       0       0       0       0       0       0       0       0       
      +0       0       0       0
   604 ;;Total ram usage:        0 bytes
   605 ;; Hardware stack levels used:    1
   606 ;; This function calls:
   607 ;;		Nothing
   608 ;; This function is called by:
   609 ;;		_main
   610 ;; This function uses a non-reentrant model
   611 ;;
   612                           
   613                           	psect	text3
   614  007E52                     __ptext3:
   615                           	opt stack 0
   616  007E52                     _initPorts:
   617                           	opt stack 30
   618                           
   619                           ;port.c: 11: OSCCON = 0x30;
   620                           
   621                           ;incstack = 0
   622  007E52  0E30               	movlw	48
   623  007E54  6ED3               	movwf	4051,c	;volatile
   624                           
   625                           ;port.c: 14: ANCON0 = 0b00010000;
   626  007E56  0E10               	movlw	16
   627  007E58  010F               	movlb	15	; () banked
   628  007E5A  6F5D               	movwf	93,b	;volatile
   629                           
   630                           ;port.c: 15: ADCON1 = 0b00000111;
   631  007E5C  0E07               	movlw	7
   632  007E5E  6EC1               	movwf	4033,c	;volatile
   633                           
   634                           ;port.c: 16: ADCON2 = 0xBC;
   635  007E60  0EBC               	movlw	188
   636  007E62  6EC0               	movwf	4032,c	;volatile
   637                           
   638                           ; BSR set to: 15
   639                           ;port.c: 17: ADON = 1;
   640  007E64  80C2               	bsf	4034,0,c	;volatile
   641                           
   642                           ;port.c: 20: PORTA = 0b00000000;
   643  007E66  0E00               	movlw	0
   644  007E68  6E80               	movwf	3968,c	;volatile
   645                           
   646                           ; BSR set to: 15
   647                           ;port.c: 21: TRISA = 0b11111111;
   648  007E6A  6892               	setf	3986,c	;volatile
   649                           
   650                           ;port.c: 23: PORTB = 0b01001000;
   651  007E6C  0E48               	movlw	72
   652  007E6E  6E81               	movwf	3969,c	;volatile
   653                           
   654                           ;port.c: 24: TRISB = 0b10010011;
   655  007E70  0E93               	movlw	147
   656  007E72  6E93               	movwf	3987,c	;volatile
   657                           
   658                           ;port.c: 26: PORTC = 0b00000000;
   659  007E74  0E00               	movlw	0
   660  007E76  6E82               	movwf	3970,c	;volatile
   661                           
   662                           ;port.c: 27: TRISC = 0b11100000;
   663  007E78  0EE0               	movlw	224
   664  007E7A  6E94               	movwf	3988,c	;volatile
   665                           
   666                           ; BSR set to: 15
   667  007E7C  0012               	return	
   668  007E7E                     __end_of_initPorts:
   669                           	opt stack 0
   670                           tblptru	equ	0xFF8
   671                           tblptrh	equ	0xFF7
   672                           tblptrl	equ	0xFF6
   673                           tablat	equ	0xFF5
   674                           intcon	equ	0xFF2
   675                           postinc0	equ	0xFEE
   676                           wreg	equ	0xFE8
   677                           postinc1	equ	0xFE6
   678                           postdec1	equ	0xFE5
   679                           fsr1l	equ	0xFE1
   680                           indf2	equ	0xFDF
   681                           postinc2	equ	0xFDE
   682                           fsr2h	equ	0xFDA
   683                           fsr2l	equ	0xFD9
   684                           status	equ	0xFD8
   685                           
   686 ;; *************** function _initComms *****************
   687 ;; Defined at:
   688 ;;		line 6 in file "usart.c"
   689 ;; Parameters:    Size  Location     Type
   690 ;;		None
   691 ;; Auto vars:     Size  Location     Type
   692 ;;		None
   693 ;; Return value:  Size  Location     Type
   694 ;;		None               void
   695 ;; Registers used:
   696 ;;		wreg, status,2
   697 ;; Tracked objects:
   698 ;;		On entry : 0/0
   699 ;;		On exit  : 0/0
   700 ;;		Unchanged: 0/0
   701 ;; Data sizes:     COMRAM   BANK0   BANK1   BANK2   BANK3   BANK4   BANK5   BANK6   BANK7   BANK8   BANK9  BANK10  BANK1
      +1  BANK12  BANK13  BANK14
   702 ;;      Params:         0       0       0       0       0       0       0       0       0       0       0       0       
      +0       0       0       0
   703 ;;      Locals:         0       0       0       0       0       0       0       0       0       0       0       0       
      +0       0       0       0
   704 ;;      Temps:          0       0       0       0       0       0       0       0       0       0       0       0       
      +0       0       0       0
   705 ;;      Totals:         0       0       0       0       0       0       0       0       0       0       0       0       
      +0       0       0       0
   706 ;;Total ram usage:        0 bytes
   707 ;; Hardware stack levels used:    1
   708 ;; This function calls:
   709 ;;		Nothing
   710 ;; This function is called by:
   711 ;;		_main
   712 ;; This function uses a non-reentrant model
   713 ;;
   714                           
   715                           	psect	text4
   716  007EB6                     __ptext4:
   717                           	opt stack 0
   718  007EB6                     _initComms:
   719                           	opt stack 30
   720                           
   721                           ;usart.c: 22: TXSTA2bits.CSRC = 0;
   722                           
   723                           ; BSR set to: 15
   724                           ;incstack = 0
   725  007EB6  9EBA               	bcf	4026,7,c	;volatile
   726                           
   727                           ;usart.c: 23: TXSTA2bits.TX9 = 0;
   728  007EB8  9CBA               	bcf	4026,6,c	;volatile
   729                           
   730                           ;usart.c: 24: TXSTA2bits.TXEN = 1;
   731  007EBA  8ABA               	bsf	4026,5,c	;volatile
   732                           
   733                           ;usart.c: 25: TXSTA2bits.SYNC = 0;
   734  007EBC  98BA               	bcf	4026,4,c	;volatile
   735                           
   736                           ;usart.c: 26: TXSTA2bits.SENDB = 0;
   737  007EBE  96BA               	bcf	4026,3,c	;volatile
   738                           
   739                           ;usart.c: 27: TXSTA2bits.BRGH = 1;
   740  007EC0  84BA               	bsf	4026,2,c	;volatile
   741                           
   742                           ;usart.c: 28: TXSTA2bits.TRMT = 1;
   743  007EC2  82BA               	bsf	4026,1,c	;volatile
   744                           
   745                           ;usart.c: 29: TXSTA2bits.TX9D = 0;
   746  007EC4  90BA               	bcf	4026,0,c	;volatile
   747                           
   748                           ;usart.c: 31: RCSTA2bits.SPEN = 1;
   749  007EC6  8EA6               	bsf	4006,7,c	;volatile
   750                           
   751                           ;usart.c: 32: RCSTA2bits.RX9 = 0;
   752  007EC8  9CA6               	bcf	4006,6,c	;volatile
   753                           
   754                           ;usart.c: 33: RCSTA2bits.SREN = 0;
   755  007ECA  9AA6               	bcf	4006,5,c	;volatile
   756                           
   757                           ;usart.c: 34: RCSTA2bits.CREN = 1;
   758  007ECC  88A6               	bsf	4006,4,c	;volatile
   759                           
   760                           ;usart.c: 35: RCSTA2bits.ADDEN = 0;
   761  007ECE  96A6               	bcf	4006,3,c	;volatile
   762                           
   763                           ;usart.c: 36: RCSTA2bits.FERR = 0;
   764  007ED0  94A6               	bcf	4006,2,c	;volatile
   765                           
   766                           ;usart.c: 37: RCSTA2bits.OERR = 0;
   767  007ED2  92A6               	bcf	4006,1,c	;volatile
   768                           
   769                           ;usart.c: 38: RCSTA2bits.RX9D = 0;
   770  007ED4  90A6               	bcf	4006,0,c	;volatile
   771                           
   772                           ;usart.c: 40: BAUDCON2bits.ABDOVF = 0;
   773  007ED6  9EB9               	bcf	4025,7,c	;volatile
   774                           
   775                           ;usart.c: 41: BAUDCON2bits.RCIDL = 1;
   776  007ED8  8CB9               	bsf	4025,6,c	;volatile
   777                           
   778                           ;usart.c: 42: BAUDCON2bits.RXDTP = 0;
   779  007EDA  9AB9               	bcf	4025,5,c	;volatile
   780                           
   781                           ;usart.c: 43: BAUDCON2bits.TXCKP = 0;
   782  007EDC  98B9               	bcf	4025,4,c	;volatile
   783                           
   784                           ;usart.c: 44: BAUDCON2bits.BRG16 = 1;
   785  007EDE  86B9               	bsf	4025,3,c	;volatile
   786                           
   787                           ;usart.c: 45: BAUDCON2bits.WUE = 0;
   788  007EE0  92B9               	bcf	4025,1,c	;volatile
   789                           
   790                           ;usart.c: 46: BAUDCON2bits.ABDEN = 0;
   791  007EE2  90B9               	bcf	4025,0,c	;volatile
   792                           
   793                           ;usart.c: 48: SPBRGH2 = 0;
   794  007EE4  0E00               	movlw	0
   795  007EE6  6E7C               	movwf	3964,c	;volatile
   796                           
   797                           ;usart.c: 49: SPBRG = 103;
   798  007EE8  0E67               	movlw	103
   799  007EEA  6EAF               	movwf	4015,c	;volatile
   800                           
   801                           ;usart.c: 51: SPBRG2 = 25;
   802  007EEC  0E19               	movlw	25
   803  007EEE  6E7B               	movwf	3963,c	;volatile
   804  007EF0  0012               	return	
   805  007EF2                     __end_of_initComms:
   806                           	opt stack 0
   807  0000                     tblptru	equ	0xFF8
   808                           tblptrh	equ	0xFF7
   809                           tblptrl	equ	0xFF6
   810                           tablat	equ	0xFF5
   811                           intcon	equ	0xFF2
   812                           postinc0	equ	0xFEE
   813                           wreg	equ	0xFE8
   814                           postinc1	equ	0xFE6
   815                           postdec1	equ	0xFE5
   816                           fsr1l	equ	0xFE1
   817                           indf2	equ	0xFDF
   818                           postinc2	equ	0xFDE
   819                           fsr2h	equ	0xFDA
   820                           fsr2l	equ	0xFD9
   821                           status	equ	0xFD8
   822                           tblptru	equ	0xFF8
   823                           tblptrh	equ	0xFF7
   824                           tblptrl	equ	0xFF6
   825                           tablat	equ	0xFF5
   826                           intcon	equ	0xFF2
   827                           postinc0	equ	0xFEE
   828                           wreg	equ	0xFE8
   829                           postinc1	equ	0xFE6
   830                           postdec1	equ	0xFE5
   831                           fsr1l	equ	0xFE1
   832                           indf2	equ	0xFDF
   833                           postinc2	equ	0xFDE
   834                           fsr2h	equ	0xFDA
   835                           fsr2l	equ	0xFD9
   836                           status	equ	0xFD8
   837                           
   838                           	psect	rparam
   839  0000                     tblptru	equ	0xFF8
   840                           tblptrh	equ	0xFF7
   841                           tblptrl	equ	0xFF6
   842                           tablat	equ	0xFF5
   843                           intcon	equ	0xFF2
   844                           postinc0	equ	0xFEE
   845                           wreg	equ	0xFE8
   846                           postinc1	equ	0xFE6
   847                           postdec1	equ	0xFE5
   848                           fsr1l	equ	0xFE1
   849                           indf2	equ	0xFDF
   850                           postinc2	equ	0xFDE
   851                           fsr2h	equ	0xFDA
   852                           fsr2l	equ	0xFD9
   853                           status	equ	0xFD8


Data Sizes:
    Strings     0
    Constant    0
    Data        80
    BSS         83
    Persistent  0
    Stack       0

Auto Spaces:
    Space          Size  Autos    Used
    COMRAM           95     88      91
    BANK0           160      0     160
    BANK1           256      0       0
    BANK2           256      0       0
    BANK3           256      0       0
    BANK4           256      0       0
    BANK5           256      0       0
    BANK6           256      0       0
    BANK7           256      0       0
    BANK8           256      0       0
    BANK9           256      0       0
    BANK10          256      0       0
    BANK11          256      0       0
    BANK12          256      0       0
    BANK13          256      0       0
    BANK14           65      0       0

Pointer List with Targets:

    writeStringToUART@msg	PTR const unsigned char  size(2) Largest target is 80
		 -> msg(BANK0[80]), main@msg1(COMRAM[80]), 


Critical Paths under _main in COMRAM

    _main->_readAddress

Critical Paths under _main in BANK0

    None.

Critical Paths under _main in BANK1

    None.

Critical Paths under _main in BANK2

    None.

Critical Paths under _main in BANK3

    None.

Critical Paths under _main in BANK4

    None.

Critical Paths under _main in BANK5

    None.

Critical Paths under _main in BANK6

    None.

Critical Paths under _main in BANK7

    None.

Critical Paths under _main in BANK8

    None.

Critical Paths under _main in BANK9

    None.

Critical Paths under _main in BANK10

    None.

Critical Paths under _main in BANK11

    None.

Critical Paths under _main in BANK12

    None.

Critical Paths under _main in BANK13

    None.

Critical Paths under _main in BANK14

    None.

Call Graph Tables:

 ---------------------------------------------------------------------------------
 (Depth) Function   	        Calls       Base Space   Used Autos Params    Refs
 ---------------------------------------------------------------------------------
 (0) _main                                               163   163      0     224
                                              5 COMRAM    83    83      0
                          _initComms
                          _initPorts
                        _readAddress
                  _writeStringToUART
 ---------------------------------------------------------------------------------
 (1) _writeStringToUART                                    2     0      2     151
                                              0 COMRAM     2     0      2
 ---------------------------------------------------------------------------------
 (1) _readAddress                                          5     5      0       0
                                              0 COMRAM     5     5      0
 ---------------------------------------------------------------------------------
 (1) _initPorts                                            0     0      0       0
 ---------------------------------------------------------------------------------
 (1) _initComms                                            0     0      0       0
 ---------------------------------------------------------------------------------
 Estimated maximum stack depth 1
 ---------------------------------------------------------------------------------

 Call Graph Graphs:

 _main (ROOT)
   _initComms
   _initPorts
   _readAddress
   _writeStringToUART

 Address spaces:
Name               Size   Autos  Total    Cost      Usage
BIGRAM             E40      0       0      35        0.0%
EEDATA             400      0       0       0        0.0%
BITBANK13          100      0       0      31        0.0%
BANK13             100      0       0      32        0.0%
BITBANK12          100      0       0      29        0.0%
BANK12             100      0       0      30        0.0%
BITBANK11          100      0       0      27        0.0%
BANK11             100      0       0      28        0.0%
BITBANK10          100      0       0      25        0.0%
BANK10             100      0       0      26        0.0%
BITBANK9           100      0       0      23        0.0%
BANK9              100      0       0      24        0.0%
BITBANK8           100      0       0      21        0.0%
BANK8              100      0       0      22        0.0%
BITBANK7           100      0       0      19        0.0%
BANK7              100      0       0      20        0.0%
BITBANK6           100      0       0      17        0.0%
BANK6              100      0       0      18        0.0%
BITBANK5           100      0       0      15        0.0%
BANK5              100      0       0      16        0.0%
BITBANK4           100      0       0      13        0.0%
BANK4              100      0       0      14        0.0%
BITBANK3           100      0       0      11        0.0%
BANK3              100      0       0      12        0.0%
BITBANK2           100      0       0       9        0.0%
BANK2              100      0       0      10        0.0%
BITBANK1           100      0       0       7        0.0%
BANK1              100      0       0       8        0.0%
BITBANK0            A0      0       0       4        0.0%
BANK0               A0      0      A0       5      100.0%
BITCOMRAM           5F      0       0       0        0.0%
COMRAM              5F     58      5B       1       95.8%
BITBANK14           41      0       0      33        0.0%
BANK14              41      0       0      34        0.0%
BITSFR_2             0      0       0      40        0.0%
SFR_2                0      0       0      40        0.0%
BITSFR_1             0      0       0      40        0.0%
SFR_1                0      0       0      40        0.0%
BITSFR               0      0       0      40        0.0%
SFR                  0      0       0      40        0.0%
STACK                0      0       0       2        0.0%
NULL                 0      0       0       0        0.0%
ABS                  0      0      FB       6        0.0%
DATA                 0      0      FB       3        0.0%
CODE                 0      0       0       0        0.0%


Microchip Technology PIC18 Macro Assembler V1.33 build 59893 
Symbol Table                                                                                   Tue Oct 21 10:26:27 2014

               __CFG_CP0$ON 000000                 __CFG_CP1$ON 000000                 __CFG_CP2$ON 000000  
               __CFG_CP3$ON 000000                          l74 7E2E                 __CFG_CPB$ON 000000  
               __CFG_CPD$ON 000000                 __CFG_BORV$3 000000                         l767 7E42  
                       l785 7FCC                         _GIE 007F97                         _RA0 007C00  
                       _RA2 007C02                         _RA3 007C03                         u110 7F4A  
                       u120 7F56                         u130 7F68                         u140 7F7C  
                       u116 7F4C                         u126 7F58                         u136 7F6A  
                       u146 7F7E                         u171 7FA2                         _msg 0060  
                       wreg 000FE8                  _TXSTA2bits 000FBA                 main@address 0056  
                      _ADON 007E10                        _PEIE 007F96                __CFG_WRT0$ON 000000  
              __CFG_WRT1$ON 000000                __CFG_WRT2$ON 000000                __CFG_WRT3$ON 000000  
             __CFG_EBTR0$ON 000000               __CFG_EBTR1$ON 000000               __CFG_EBTR2$ON 000000  
             __CFG_EBTR3$ON 000000                __CFG_WRTB$ON 000000                __CFG_WRTC$ON 000000  
              __CFG_WRTD$ON 000000               __CFG_EBTRB$ON 000000                        _main 7F94  
                      fsr2h 000FDA                        fsr1l 000FE1                        indf2 000FDF  
                      fsr2l 000FD9                        start 0000               __CFG_IESO$OFF 000000  
              ?_readAddress 0001               __CFG_RETEN$ON 000000                _BAUDCON2bits 000FB9  
                     ?_main 0001                       _SPBRG 000FAF                       _PORTA 000F80  
                     _PORTB 000F81                       _PORTC 000F82                       _TRISA 000F92  
                     _TRISB 000F93                       _TRISC 000F94              __CFG_FCMEN$OFF 000000  
                     _state 005B                       main@i 0057                       tablat 000FF5  
         _writeStringToUART 7E2C                       status 000FD8          ?_writeStringToUART 0001  
            __CFG_MCLRE$OFF 000000             __initialization 7E7E                __end_of_main 8000  
       ??_writeStringToUART 0003                      ??_main 0006               __activetblptr 000000  
                    _ADCON1 000FC1                      _ADCON2 000FC0                      _ANCON0 000F5D  
 __end_of_writeStringToUART 7E52             __CFG_BBSIZ$BB2K 000000              __CFG_WDTEN$OFF 000000  
                    _RCREG2 000F7A                      _OSCCON 000FD3                      _SPBRG2 000F7B  
                    _TXREG2 000F79              __CFG_PWRTEN$ON 000000              __CFG_XINST$OFF 000000  
            __CFG_STVREN$ON 000000                      clear_0 7E84                      tblptrh 000FF7  
                    tblptrl 000FF6                      tblptru 000FF8                  __accesstop 0060  
   __end_of__initialization 7EB0              __pcstackCOMRAM 0001                __pidataBANK0 7EF2  
      __size_of_readAddress 0052  __size_of_writeStringToUART 0026                  __pbssBANK0 0060  
           __CFG_PLLCFG$OFF 000000          __size_of_initComms 003C          __size_of_initPorts 002C  
          __CFG_CANMX$PORTB 000000                     _SPBRGH2 000F7C                     __Hparam 0000  
                   __Lparam 0000                     __pcinit 7E7E                     __ramtop 0F00  
                   __ptext0 7F94                     __ptext1 7E2C                     __ptext2 7F42  
                   __ptext3 7E52                     __ptext4 7EB6           __end_of_initComms 7EF2  
         __end_of_initPorts 7E7E           __CFG_MSSPMSK$MSK7 000000        writeStringToUART@msg 0001  
      end_of_initialization 7EB0                     postdec1 000FE5                     postinc0 000FEE  
                   postinc1 000FE6                     postinc2 000FDE                  main@F19157 00B0  
          __CFG_FOSC$INTIO2 000000         start_initialization 7E7E               ??_readAddress 0001  
               __pdataBANK0 00B0                 __pbssCOMRAM 0059                 _delay_ticks 0059  
       __end_of_readAddress 7F94                   _initComms 7EB6                   _initPorts 7E52  
                  _PIR3bits 000FA4            __CFG_SOSCSEL$DIG 000000                  ?_initComms 0001  
                ?_initPorts 0001                   copy_data0 7EA4                    __Hrparam 0000  
               _readAddress 7F42                    __Lrparam 0000          __CFG_BOREN$SBORDIS 000000  
             __size_of_main 006C                    main@msg1 0006         __CFG_INTOSCSEL$HIGH 000000  
               ??_initComms 0001                 ??_initPorts 0001                  _RCSTA2bits 000FA6  
        __CFG_WDTPS$1048576 000000         __CFG_BORPWR$ZPBORMV 000000  
