

Microchip Technology PIC18 LITE Macro Assembler V1.33 build 59893 
                                                                                               Thu Nov 13 12:57:40 2014

Microchip Technology Omniscient Code Generator (Lite mode) build 59893
     1                           	processor	18F25K80
     2                           	fnconf	rparam,??,?,0
     3                           	opt	pw 120
     4                           	opt	lm
     5                           	psect	idataCOMRAM,global,class=CODE,delta=1
     6                           	psect	cinit,global,reloc=2,class=CODE,delta=1
     7                           	psect	bssCOMRAM,global,class=COMRAM,space=1,delta=1
     8                           	psect	dataCOMRAM,global,class=COMRAM,space=1,delta=1
     9                           	psect	bssBANK0,global,class=BANK0,space=1,delta=1
    10                           	psect	bssBANK1,global,class=BANK1,space=1,delta=1
    11                           	psect	cstackBANK0,global,class=BANK0,space=1,delta=1
    12                           	psect	cstackCOMRAM,global,class=COMRAM,space=1,delta=1
    13                           	psect	text0,global,reloc=2,class=CODE,delta=1
    14                           	psect	text1,global,reloc=2,class=CODE,delta=1
    15                           	psect	text2,global,reloc=2,class=CODE,delta=1
    16                           	psect	text3,global,reloc=2,class=CODE,delta=1
    17                           	psect	intcodelo,global,reloc=2,class=CODE,delta=1
    18                           	psect	intsave_regs,global,class=BIGRAM,space=1,delta=1
    19                           	psect	rparam,global,class=COMRAM,space=1,delta=1
    20  0000                     
    21                           	psect	idataCOMRAM
    22  00029E                     __pidataCOMRAM:
    23                           	opt stack 0
    24                           
    25                           ;initializer for _MASK
    26  00029E  01                 	db	1
    27  00029F  02                 	db	2
    28  0002A0  04                 	db	4
    29  0002A1  08                 	db	8
    30  0002A2  10                 	db	16
    31  0002A3  20                 	db	32
    32  0002A4  40                 	db	64
    33  0002A5  80                 	db	128
    34  0000                     _ADCON1	set	4033
    35  0000                     _ANCON0	set	3933
    36  0000                     _BAUDCON2bits	set	4025
    37  0000                     _INTCON	set	4082
    38  0000                     _OSCCON	set	4051
    39  0000                     _OSCTUNEbits	set	3995
    40  0000                     _PIE3bits	set	4003
    41  0000                     _PIR3bits	set	4004
    42  0000                     _PORTA	set	3968
    43  0000                     _PORTAbits	set	3968
    44  0000                     _PORTB	set	3969
    45  0000                     _PORTC	set	3970
    46  0000                     _RCONbits	set	4048
    47  0000                     _RCREG2	set	3962
    48  0000                     _RCSTA2bits	set	4006
    49  0000                     _SPBRG	set	4015
    50  0000                     _SPBRG2	set	3963
    51  0000                     _SPBRGH2	set	3964
    52  0000                     _TRISA	set	3986
    53  0000                     _TRISB	set	3987
    54  0000                     _TRISC	set	3988
    55  0000                     _TXREG2	set	3961
    56  0000                     _TXSTA2bits	set	4026
    57  0000                     _GIE	set	32663
    58  0000                     _PEIE	set	32662
    59  0000                     _PSA	set	32427
    60  0000                     _RC2IF	set	32037
    61  0000                     _T08BIT	set	32430
    62  0000                     _T0CS	set	32429
    63  0000                     _T0PS1	set	32425
    64  0000                     _T0PS2	set	32426
    65  0000                     _TMR0IE	set	32661
    66  0000                     _TMR0IF	set	32658
    67                           
    68                           ; #config settings
    69  0000                     
    70                           	psect	cinit
    71  0001BC                     __pcinit:
    72                           	opt stack 0
    73  0001BC                     start_initialization:
    74                           	opt stack 0
    75  0001BC                     __initialization:
    76                           	opt stack 0
    77                           
    78                           ; Clear objects allocated to BANK1 (128 bytes)
    79  0001BC  EE01  F000         	lfsr	0,__pbssBANK1
    80  0001C0  0E80               	movlw	128
    81  0001C2                     clear_0:
    82  0001C2  6AEE               	clrf	postinc0,c
    83  0001C4  06E8               	decf	wreg,f,c
    84  0001C6  E1FD               	bnz	clear_0
    85                           
    86                           ; Clear objects allocated to BANK0 (80 bytes)
    87  0001C8  EE00  F060         	lfsr	0,__pbssBANK0
    88  0001CC  0E50               	movlw	80
    89  0001CE                     clear_1:
    90  0001CE  6AEE               	clrf	postinc0,c
    91  0001D0  06E8               	decf	wreg,f,c
    92  0001D2  E1FD               	bnz	clear_1
    93                           
    94                           ; Clear objects allocated to COMRAM (21 bytes)
    95  0001D4  EE00  F023         	lfsr	0,__pbssCOMRAM
    96  0001D8  0E15               	movlw	21
    97  0001DA                     clear_2:
    98  0001DA  6AEE               	clrf	postinc0,c
    99  0001DC  06E8               	decf	wreg,f,c
   100  0001DE  E1FD               	bnz	clear_2
   101                           
   102                           ; Initialize objects allocated to COMRAM (8 bytes)
   103                           ; load TBLPTR registers with __pidataCOMRAM
   104  0001E0  0E9E               	movlw	low __pidataCOMRAM
   105  0001E2  6EF6               	movwf	tblptrl,c
   106  0001E4  0E02               	movlw	high __pidataCOMRAM
   107  0001E6  6EF7               	movwf	tblptrh,c
   108  0001E8  0E00               	movlw	low (__pidataCOMRAM shr (0+16))
   109  0001EA  6EF8               	movwf	tblptru,c
   110  0001EC  EE00  F038         	lfsr	0,__pdataCOMRAM
   111  0001F0  EE10 F008          	lfsr	1,8
   112  0001F4                     copy_data0:
   113  0001F4  0009               	tblrd		*+
   114  0001F6  CFF5 FFEE          	movff	tablat,postinc0
   115  0001FA  50E5               	movf	postdec1,w,c
   116  0001FC  50E1               	movf	fsr1l,w,c
   117  0001FE  E1FA               	bnz	copy_data0
   118  000200                     end_of_initialization:
   119                           	opt stack 0
   120  000200                     __end_of__initialization:
   121                           	opt stack 0
   122  000200  0100               	movlb	0
   123  000202  EF3C  F001         	goto	_main	;jump to C main() function
   124                           tblptru	equ	0xFF8
   125                           tblptrh	equ	0xFF7
   126                           tblptrl	equ	0xFF6
   127                           tablat	equ	0xFF5
   128                           postinc0	equ	0xFEE
   129                           wreg	equ	0xFE8
   130                           postdec1	equ	0xFE5
   131                           fsr1l	equ	0xFE1
   132                           
   133                           	psect	bssCOMRAM
   134  000023                     __pbssCOMRAM:
   135                           	opt stack 0
   136  000023                     _led_state:
   137                           	opt stack 0
   138  000023                     	ds	16
   139  000033                     _compteur:
   140                           	opt stack 0
   141  000033                     	ds	2
   142  000035                     _compteur_clock:
   143                           	opt stack 0
   144  000035                     	ds	1
   145  000036                     _state_clock:
   146                           	opt stack 0
   147  000036                     	ds	1
   148  000037                     _tampon:
   149                           	opt stack 0
   150  000037                     	ds	1
   151                           tblptru	equ	0xFF8
   152                           tblptrh	equ	0xFF7
   153                           tblptrl	equ	0xFF6
   154                           tablat	equ	0xFF5
   155                           postinc0	equ	0xFEE
   156                           wreg	equ	0xFE8
   157                           postdec1	equ	0xFE5
   158                           fsr1l	equ	0xFE1
   159                           
   160                           	psect	dataCOMRAM
   161  000038                     __pdataCOMRAM:
   162                           	opt stack 0
   163  000038                     _MASK:
   164                           	opt stack 0
   165  000038                     	ds	8
   166                           tblptru	equ	0xFF8
   167                           tblptrh	equ	0xFF7
   168                           tblptrl	equ	0xFF6
   169                           tablat	equ	0xFF5
   170                           postinc0	equ	0xFEE
   171                           wreg	equ	0xFE8
   172                           postdec1	equ	0xFE5
   173                           fsr1l	equ	0xFE1
   174                           
   175                           	psect	bssBANK0
   176  000060                     __pbssBANK0:
   177                           	opt stack 0
   178  000060                     _msg:
   179                           	opt stack 0
   180  000060                     	ds	80
   181                           tblptru	equ	0xFF8
   182                           tblptrh	equ	0xFF7
   183                           tblptrl	equ	0xFF6
   184                           tablat	equ	0xFF5
   185                           postinc0	equ	0xFEE
   186                           wreg	equ	0xFE8
   187                           postdec1	equ	0xFE5
   188                           fsr1l	equ	0xFE1
   189                           
   190                           	psect	bssBANK1
   191  000100                     __pbssBANK1:
   192                           	opt stack 0
   193  000100                     _stock_led:
   194                           	opt stack 0
   195  000100                     	ds	128
   196                           tblptru	equ	0xFF8
   197                           tblptrh	equ	0xFF7
   198                           tblptrl	equ	0xFF6
   199                           tablat	equ	0xFF5
   200                           postinc0	equ	0xFEE
   201                           wreg	equ	0xFE8
   202                           postdec1	equ	0xFE5
   203                           fsr1l	equ	0xFE1
   204                           
   205                           	psect	cstackBANK0
   206  0000B0                     __pcstackBANK0:
   207                           	opt stack 0
   208  0000B0                     main@i:
   209                           	opt stack 0
   210                           
   211                           ; 4 bytes @ 0x0
   212  0000B0                     	ds	4
   213                           tblptru	equ	0xFF8
   214                           tblptrh	equ	0xFF7
   215                           tblptrl	equ	0xFF6
   216                           tablat	equ	0xFF5
   217                           postinc0	equ	0xFEE
   218                           wreg	equ	0xFE8
   219                           postdec1	equ	0xFE5
   220                           fsr1l	equ	0xFE1
   221                           
   222                           	psect	cstackCOMRAM
   223  000001                     __pcstackCOMRAM:
   224                           	opt stack 0
   225  000001                     ??_high_isr:
   226  000001                     
   227                           ; 0 bytes @ 0x0
   228  000001                     	ds	17
   229  000012                     ??_timer_isr:
   230                           
   231                           ; 0 bytes @ 0x11
   232  000012                     	ds	17
   233                           tblptru	equ	0xFF8
   234                           tblptrh	equ	0xFF7
   235                           tblptrl	equ	0xFF6
   236                           tablat	equ	0xFF5
   237                           postinc0	equ	0xFEE
   238                           wreg	equ	0xFE8
   239                           postdec1	equ	0xFE5
   240                           fsr1l	equ	0xFE1
   241                           
   242 ;;
   243 ;;Main: autosize = 0, tempsize = 0, incstack = 0, save=0
   244 ;;
   245 ;; *************** function _main *****************
   246 ;; Defined at:
   247 ;;		line 139 in file "main.c"
   248 ;; Parameters:    Size  Location     Type
   249 ;;		None
   250 ;; Auto vars:     Size  Location     Type
   251 ;;  i               4    0[BANK0 ] long 
   252 ;; Return value:  Size  Location     Type
   253 ;;		None               void
   254 ;; Registers used:
   255 ;;		wreg, status,2, cstack
   256 ;; Tracked objects:
   257 ;;		On entry : 0/0
   258 ;;		On exit  : 0/0
   259 ;;		Unchanged: 0/0
   260 ;; Data sizes:     COMRAM   BANK0   BANK1   BANK2   BANK3   BANK4   BANK5   BANK6   BANK7   BANK8   BANK9  BANK10  BANK1
      +1  BANK12  BANK13  BANK14
   261 ;;      Params:         0       0       0       0       0       0       0       0       0       0       0       0       
      +0       0       0       0
   262 ;;      Locals:         0       4       0       0       0       0       0       0       0       0       0       0       
      +0       0       0       0
   263 ;;      Temps:          0       0       0       0       0       0       0       0       0       0       0       0       
      +0       0       0       0
   264 ;;      Totals:         0       4       0       0       0       0       0       0       0       0       0       0       
      +0       0       0       0
   265 ;;Total ram usage:        4 bytes
   266 ;; Hardware stack levels required when called:    2
   267 ;; This function calls:
   268 ;;		_affichage
   269 ;;		_initComms
   270 ;;		_initPorts
   271 ;; This function is called by:
   272 ;;		Startup code after reset
   273 ;; This function uses a non-reentrant model
   274 ;;
   275                           
   276                           	psect	text0
   277  000278                     __ptext0:
   278                           	opt stack 0
   279  000278                     _main:
   280                           	opt stack 29
   281                           
   282                           ;main.c: 143: long i = 0;
   283                           
   284                           ;incstack = 0
   285  000278  0E00               	movlw	0
   286  00027A  0100               	movlb	0	; () banked
   287  00027C  6FB0               	movwf	main@i& (0+255),b
   288  00027E  0E00               	movlw	0
   289  000280  0100               	movlb	0	; () banked
   290  000282  6FB1               	movwf	(main@i+1)& (0+255),b
   291  000284  0E00               	movlw	0
   292  000286  0100               	movlb	0	; () banked
   293  000288  6FB2               	movwf	(main@i+2)& (0+255),b
   294  00028A  0E00               	movlw	0
   295  00028C  0100               	movlb	0	; () banked
   296  00028E  6FB3               	movwf	(main@i+3)& (0+255),b
   297                           
   298                           ; BSR set to: 0
   299                           ;main.c: 144: initPorts();
   300  000290  EC23  F001         	call	_initPorts	;wreg free
   301                           
   302                           ;main.c: 145: initComms();
   303  000294  EC03  F001         	call	_initComms	;wreg free
   304  000298                     l851:
   305                           
   306                           ;main.c: 148: affichage();
   307  000298  ECB5  F000         	call	_affichage	;wreg free
   308  00029C  D7FD               	goto	l851
   309  00029E                     __end_of_main:
   310                           	opt stack 0
   311                           tblptru	equ	0xFF8
   312                           tblptrh	equ	0xFF7
   313                           tblptrl	equ	0xFF6
   314                           tablat	equ	0xFF5
   315                           postinc0	equ	0xFEE
   316                           wreg	equ	0xFE8
   317                           postdec1	equ	0xFE5
   318                           fsr1l	equ	0xFE1
   319                           
   320 ;; *************** function _initPorts *****************
   321 ;; Defined at:
   322 ;;		line 7 in file "port.c"
   323 ;; Parameters:    Size  Location     Type
   324 ;;		None
   325 ;; Auto vars:     Size  Location     Type
   326 ;;		None
   327 ;; Return value:  Size  Location     Type
   328 ;;		None               void
   329 ;; Registers used:
   330 ;;		wreg, status,2
   331 ;; Tracked objects:
   332 ;;		On entry : 0/0
   333 ;;		On exit  : 0/0
   334 ;;		Unchanged: 0/0
   335 ;; Data sizes:     COMRAM   BANK0   BANK1   BANK2   BANK3   BANK4   BANK5   BANK6   BANK7   BANK8   BANK9  BANK10  BANK1
      +1  BANK12  BANK13  BANK14
   336 ;;      Params:         0       0       0       0       0       0       0       0       0       0       0       0       
      +0       0       0       0
   337 ;;      Locals:         0       0       0       0       0       0       0       0       0       0       0       0       
      +0       0       0       0
   338 ;;      Temps:          0       0       0       0       0       0       0       0       0       0       0       0       
      +0       0       0       0
   339 ;;      Totals:         0       0       0       0       0       0       0       0       0       0       0       0       
      +0       0       0       0
   340 ;;Total ram usage:        0 bytes
   341 ;; Hardware stack levels used:    1
   342 ;; Hardware stack levels required when called:    1
   343 ;; This function calls:
   344 ;;		Nothing
   345 ;; This function is called by:
   346 ;;		_main
   347 ;; This function uses a non-reentrant model
   348 ;;
   349                           
   350                           	psect	text1
   351  000246                     __ptext1:
   352                           	opt stack 0
   353  000246                     _initPorts:
   354                           	opt stack 29
   355                           
   356                           ;port.c: 11: OSCCON= 0x70;
   357                           
   358                           ;incstack = 0
   359  000246  0E70               	movlw	112
   360  000248  6ED3               	movwf	4051,c	;volatile
   361                           
   362                           ;port.c: 13: ANCON0 = 0b00000000;
   363  00024A  0E00               	movlw	0
   364  00024C  010F               	movlb	15	; () banked
   365  00024E  6F5D               	movwf	93,b	;volatile
   366                           
   367                           ;port.c: 14: ADCON1 = 0b00000000;
   368  000250  0E00               	movlw	0
   369  000252  6EC1               	movwf	4033,c	;volatile
   370                           
   371                           ;port.c: 19: PORTA = 0b00000000;
   372  000254  0E00               	movlw	0
   373  000256  6E80               	movwf	3968,c	;volatile
   374                           
   375                           ;port.c: 20: TRISA = 0b00000000;
   376  000258  0E00               	movlw	0
   377  00025A  6E92               	movwf	3986,c	;volatile
   378                           
   379                           ;port.c: 22: PORTB = 0b01000000;
   380  00025C  0E40               	movlw	64
   381  00025E  6E81               	movwf	3969,c	;volatile
   382                           
   383                           ;port.c: 23: TRISB = 0b10000000;
   384  000260  0E80               	movlw	128
   385  000262  6E93               	movwf	3987,c	;volatile
   386                           
   387                           ;port.c: 25: PORTC = 0b00000000;
   388  000264  0E00               	movlw	0
   389  000266  6E82               	movwf	3970,c	;volatile
   390                           
   391                           ;port.c: 26: TRISC = 0b00000000;
   392  000268  0E00               	movlw	0
   393  00026A  6E94               	movwf	3988,c	;volatile
   394                           
   395                           ; BSR set to: 15
   396                           ;port.c: 28: GIE = 1;
   397  00026C  8EF2               	bsf	intcon,7,c	;volatile
   398                           
   399                           ; BSR set to: 15
   400                           ;port.c: 29: PEIE = 1;
   401  00026E  8CF2               	bsf	intcon,6,c	;volatile
   402                           
   403                           ;port.c: 30: INTCON =0b11111000;
   404  000270  0EF8               	movlw	248
   405  000272  6EF2               	movwf	intcon,c	;volatile
   406                           
   407                           ; BSR set to: 15
   408                           ;port.c: 31: OSCTUNEbits.PLLEN = 1;
   409  000274  8C9B               	bsf	3995,6,c	;volatile
   410                           
   411                           ; BSR set to: 15
   412  000276  0012               	return	
   413  000278                     __end_of_initPorts:
   414                           	opt stack 0
   415                           tblptru	equ	0xFF8
   416                           tblptrh	equ	0xFF7
   417                           tblptrl	equ	0xFF6
   418                           tablat	equ	0xFF5
   419                           intcon	equ	0xFF2
   420                           postinc0	equ	0xFEE
   421                           wreg	equ	0xFE8
   422                           postdec1	equ	0xFE5
   423                           fsr1l	equ	0xFE1
   424                           
   425 ;; *************** function _initComms *****************
   426 ;; Defined at:
   427 ;;		line 6 in file "usart.c"
   428 ;; Parameters:    Size  Location     Type
   429 ;;		None
   430 ;; Auto vars:     Size  Location     Type
   431 ;;		None
   432 ;; Return value:  Size  Location     Type
   433 ;;		None               void
   434 ;; Registers used:
   435 ;;		wreg, status,2
   436 ;; Tracked objects:
   437 ;;		On entry : 0/0
   438 ;;		On exit  : 0/0
   439 ;;		Unchanged: 0/0
   440 ;; Data sizes:     COMRAM   BANK0   BANK1   BANK2   BANK3   BANK4   BANK5   BANK6   BANK7   BANK8   BANK9  BANK10  BANK1
      +1  BANK12  BANK13  BANK14
   441 ;;      Params:         0       0       0       0       0       0       0       0       0       0       0       0       
      +0       0       0       0
   442 ;;      Locals:         0       0       0       0       0       0       0       0       0       0       0       0       
      +0       0       0       0
   443 ;;      Temps:          0       0       0       0       0       0       0       0       0       0       0       0       
      +0       0       0       0
   444 ;;      Totals:         0       0       0       0       0       0       0       0       0       0       0       0       
      +0       0       0       0
   445 ;;Total ram usage:        0 bytes
   446 ;; Hardware stack levels used:    1
   447 ;; Hardware stack levels required when called:    1
   448 ;; This function calls:
   449 ;;		Nothing
   450 ;; This function is called by:
   451 ;;		_main
   452 ;; This function uses a non-reentrant model
   453 ;;
   454                           
   455                           	psect	text2
   456  000206                     __ptext2:
   457                           	opt stack 0
   458  000206                     _initComms:
   459                           	opt stack 29
   460                           
   461                           ;usart.c: 8: TXSTA2bits.CSRC = 0;
   462                           
   463                           ; BSR set to: 15
   464                           ;incstack = 0
   465  000206  9EBA               	bcf	4026,7,c	;volatile
   466                           
   467                           ;usart.c: 9: TXSTA2bits.TX9 = 0;
   468  000208  9CBA               	bcf	4026,6,c	;volatile
   469                           
   470                           ;usart.c: 10: TXSTA2bits.TXEN = 1;
   471  00020A  8ABA               	bsf	4026,5,c	;volatile
   472                           
   473                           ;usart.c: 11: TXSTA2bits.SYNC = 0;
   474  00020C  98BA               	bcf	4026,4,c	;volatile
   475                           
   476                           ;usart.c: 12: TXSTA2bits.SENDB = 0;
   477  00020E  96BA               	bcf	4026,3,c	;volatile
   478                           
   479                           ;usart.c: 13: TXSTA2bits.BRGH = 1;
   480  000210  84BA               	bsf	4026,2,c	;volatile
   481                           
   482                           ;usart.c: 14: TXSTA2bits.TRMT = 1;
   483  000212  82BA               	bsf	4026,1,c	;volatile
   484                           
   485                           ;usart.c: 15: TXSTA2bits.TX9D = 0;
   486  000214  90BA               	bcf	4026,0,c	;volatile
   487                           
   488                           ;usart.c: 17: RCSTA2bits.SPEN = 1;
   489  000216  8EA6               	bsf	4006,7,c	;volatile
   490                           
   491                           ;usart.c: 18: RCSTA2bits.RX9 = 0;
   492  000218  9CA6               	bcf	4006,6,c	;volatile
   493                           
   494                           ;usart.c: 19: RCSTA2bits.SREN = 0;
   495  00021A  9AA6               	bcf	4006,5,c	;volatile
   496                           
   497                           ;usart.c: 20: RCSTA2bits.CREN = 1;
   498  00021C  88A6               	bsf	4006,4,c	;volatile
   499                           
   500                           ;usart.c: 21: RCSTA2bits.ADDEN = 0;
   501  00021E  96A6               	bcf	4006,3,c	;volatile
   502                           
   503                           ;usart.c: 22: RCSTA2bits.FERR = 0;
   504  000220  94A6               	bcf	4006,2,c	;volatile
   505                           
   506                           ;usart.c: 23: RCSTA2bits.OERR = 0;
   507  000222  92A6               	bcf	4006,1,c	;volatile
   508                           
   509                           ;usart.c: 24: RCSTA2bits.RX9D = 0;
   510  000224  90A6               	bcf	4006,0,c	;volatile
   511                           
   512                           ;usart.c: 26: BAUDCON2bits.ABDOVF = 0;
   513  000226  9EB9               	bcf	4025,7,c	;volatile
   514                           
   515                           ;usart.c: 27: BAUDCON2bits.RCIDL = 1;
   516  000228  8CB9               	bsf	4025,6,c	;volatile
   517                           
   518                           ;usart.c: 28: BAUDCON2bits.RXDTP = 0;
   519  00022A  9AB9               	bcf	4025,5,c	;volatile
   520                           
   521                           ;usart.c: 29: BAUDCON2bits.TXCKP = 0;
   522  00022C  98B9               	bcf	4025,4,c	;volatile
   523                           
   524                           ;usart.c: 30: BAUDCON2bits.BRG16 = 1;
   525  00022E  86B9               	bsf	4025,3,c	;volatile
   526                           
   527                           ;usart.c: 31: BAUDCON2bits.WUE = 0;
   528  000230  92B9               	bcf	4025,1,c	;volatile
   529                           
   530                           ;usart.c: 32: BAUDCON2bits.ABDEN = 0;
   531  000232  90B9               	bcf	4025,0,c	;volatile
   532                           
   533                           ;usart.c: 34: PIE3bits.RC2IE = 1;
   534  000234  8AA3               	bsf	4003,5,c	;volatile
   535                           
   536                           ;usart.c: 35: RCONbits.IPEN = 1;
   537  000236  8ED0               	bsf	4048,7,c	;volatile
   538                           
   539                           ;usart.c: 45: SPBRG = 115;
   540  000238  0E73               	movlw	115
   541  00023A  6EAF               	movwf	4015,c	;volatile
   542                           
   543                           ;usart.c: 46: SPBRGH2 = 0;
   544  00023C  0E00               	movlw	0
   545  00023E  6E7C               	movwf	3964,c	;volatile
   546                           
   547                           ;usart.c: 47: SPBRG2 = 137;
   548  000240  0E89               	movlw	137
   549  000242  6E7B               	movwf	3963,c	;volatile
   550  000244  0012               	return	
   551  000246                     __end_of_initComms:
   552                           	opt stack 0
   553                           tblptru	equ	0xFF8
   554                           tblptrh	equ	0xFF7
   555                           tblptrl	equ	0xFF6
   556                           tablat	equ	0xFF5
   557                           intcon	equ	0xFF2
   558                           postinc0	equ	0xFEE
   559                           wreg	equ	0xFE8
   560                           postdec1	equ	0xFE5
   561                           fsr1l	equ	0xFE1
   562                           
   563 ;; *************** function _affichage *****************
   564 ;; Defined at:
   565 ;;		line 199 in file "main.c"
   566 ;; Parameters:    Size  Location     Type
   567 ;;		None
   568 ;; Auto vars:     Size  Location     Type
   569 ;;		None
   570 ;; Return value:  Size  Location     Type
   571 ;;		None               void
   572 ;; Registers used:
   573 ;;		None
   574 ;; Tracked objects:
   575 ;;		On entry : 0/0
   576 ;;		On exit  : 0/0
   577 ;;		Unchanged: 0/0
   578 ;; Data sizes:     COMRAM   BANK0   BANK1   BANK2   BANK3   BANK4   BANK5   BANK6   BANK7   BANK8   BANK9  BANK10  BANK1
      +1  BANK12  BANK13  BANK14
   579 ;;      Params:         0       0       0       0       0       0       0       0       0       0       0       0       
      +0       0       0       0
   580 ;;      Locals:         0       0       0       0       0       0       0       0       0       0       0       0       
      +0       0       0       0
   581 ;;      Temps:          0       0       0       0       0       0       0       0       0       0       0       0       
      +0       0       0       0
   582 ;;      Totals:         0       0       0       0       0       0       0       0       0       0       0       0       
      +0       0       0       0
   583 ;;Total ram usage:        0 bytes
   584 ;; Hardware stack levels used:    1
   585 ;; Hardware stack levels required when called:    1
   586 ;; This function calls:
   587 ;;		Nothing
   588 ;; This function is called by:
   589 ;;		_main
   590 ;; This function uses a non-reentrant model
   591 ;;
   592                           
   593                           	psect	text3
   594  00016A                     __ptext3:
   595                           	opt stack 0
   596  00016A                     _affichage:
   597                           	opt stack 29
   598                           
   599                           ;main.c: 200: PORTAbits.RA0 = led_state[0][0];
   600                           
   601                           ;incstack = 0
   602  00016A  B023               	btfsc	_led_state,0,c
   603  00016C  D002               	bra	u255
   604  00016E  9080               	bcf	3968,0,c	;volatile
   605  000170  D001               	bra	u256
   606  000172                     u255:
   607  000172  8080               	bsf	3968,0,c	;volatile
   608  000174                     u256:
   609                           
   610                           ;main.c: 201: PORTAbits.RA0 = led_state[0][1];
   611  000174  B024               	btfsc	_led_state+1,0,c
   612  000176  D002               	bra	u265
   613  000178  9080               	bcf	3968,0,c	;volatile
   614  00017A  D001               	bra	u266
   615  00017C                     u265:
   616  00017C  8080               	bsf	3968,0,c	;volatile
   617  00017E                     u266:
   618                           
   619                           ;main.c: 202: PORTAbits.RA0 = led_state[0][2];
   620  00017E  B025               	btfsc	_led_state+2,0,c
   621  000180  D002               	bra	u275
   622  000182  9080               	bcf	3968,0,c	;volatile
   623  000184  D001               	bra	u276
   624  000186                     u275:
   625  000186  8080               	bsf	3968,0,c	;volatile
   626  000188                     u276:
   627                           
   628                           ;main.c: 203: PORTAbits.RA0 = led_state[0][3];
   629  000188  B026               	btfsc	_led_state+3,0,c
   630  00018A  D002               	bra	u285
   631  00018C  9080               	bcf	3968,0,c	;volatile
   632  00018E  D001               	bra	u286
   633  000190                     u285:
   634  000190  8080               	bsf	3968,0,c	;volatile
   635  000192                     u286:
   636                           
   637                           ;main.c: 204: PORTAbits.RA0 = led_state[0][4];
   638  000192  B027               	btfsc	_led_state+4,0,c
   639  000194  D002               	bra	u295
   640  000196  9080               	bcf	3968,0,c	;volatile
   641  000198  D001               	bra	u296
   642  00019A                     u295:
   643  00019A  8080               	bsf	3968,0,c	;volatile
   644  00019C                     u296:
   645                           
   646                           ;main.c: 205: PORTAbits.RA0 = led_state[0][5];
   647  00019C  B028               	btfsc	_led_state+5,0,c
   648  00019E  D002               	bra	u305
   649  0001A0  9080               	bcf	3968,0,c	;volatile
   650  0001A2  D001               	bra	u306
   651  0001A4                     u305:
   652  0001A4  8080               	bsf	3968,0,c	;volatile
   653  0001A6                     u306:
   654                           
   655                           ;main.c: 206: PORTAbits.RA0 = led_state[0][6];
   656  0001A6  B029               	btfsc	_led_state+6,0,c
   657  0001A8  D002               	bra	u315
   658  0001AA  9080               	bcf	3968,0,c	;volatile
   659  0001AC  D001               	bra	u316
   660  0001AE                     u315:
   661  0001AE  8080               	bsf	3968,0,c	;volatile
   662  0001B0                     u316:
   663                           
   664                           ;main.c: 207: PORTAbits.RA0 = led_state[0][7];
   665  0001B0  B02A               	btfsc	_led_state+7,0,c
   666  0001B2  D002               	bra	u325
   667  0001B4  9080               	bcf	3968,0,c	;volatile
   668  0001B6  D001               	bra	u326
   669  0001B8                     u325:
   670  0001B8  8080               	bsf	3968,0,c	;volatile
   671  0001BA                     u326:
   672  0001BA  0012               	return	
   673  0001BC                     __end_of_affichage:
   674                           	opt stack 0
   675                           tblptru	equ	0xFF8
   676                           tblptrh	equ	0xFF7
   677                           tblptrl	equ	0xFF6
   678                           tablat	equ	0xFF5
   679                           intcon	equ	0xFF2
   680                           postinc0	equ	0xFEE
   681                           wreg	equ	0xFE8
   682                           postdec1	equ	0xFE5
   683                           fsr1l	equ	0xFE1
   684                           
   685 ;; *************** function _high_isr *****************
   686 ;; Defined at:
   687 ;;		line 114 in file "main.c"
   688 ;; Parameters:    Size  Location     Type
   689 ;;		None
   690 ;; Auto vars:     Size  Location     Type
   691 ;;		None
   692 ;; Return value:  Size  Location     Type
   693 ;;		None               void
   694 ;; Registers used:
   695 ;;		wreg, fsr2l, fsr2h, status,2, status,0
   696 ;; Tracked objects:
   697 ;;		On entry : 0/0
   698 ;;		On exit  : 0/0
   699 ;;		Unchanged: 0/0
   700 ;; Data sizes:     COMRAM   BANK0   BANK1   BANK2   BANK3   BANK4   BANK5   BANK6   BANK7   BANK8   BANK9  BANK10  BANK1
      +1  BANK12  BANK13  BANK14
   701 ;;      Params:         0       0       0       0       0       0       0       0       0       0       0       0       
      +0       0       0       0
   702 ;;      Locals:         0       0       0       0       0       0       0       0       0       0       0       0       
      +0       0       0       0
   703 ;;      Temps:         17       0       0       0       0       0       0       0       0       0       0       0       
      +0       0       0       0
   704 ;;      Totals:        17       0       0       0       0       0       0       0       0       0       0       0       
      +0       0       0       0
   705 ;;Total ram usage:       17 bytes
   706 ;; Hardware stack levels used:    1
   707 ;; This function calls:
   708 ;;		Nothing
   709 ;; This function is called by:
   710 ;;		Interrupt level 1
   711 ;; This function uses a non-reentrant model
   712 ;;
   713                           
   714 ;; *************** function _timer_isr *****************
   715 ;; Defined at:
   716 ;;		line 127 in file "main.c"
   717 ;; Parameters:    Size  Location     Type
   718 ;;		None
   719 ;; Auto vars:     Size  Location     Type
   720 ;;		None
   721 ;; Return value:  Size  Location     Type
   722 ;;		None               void
   723 ;; Registers used:
   724 ;;		None
   725 ;; Tracked objects:
   726 ;;		On entry : 0/0
   727 ;;		On exit  : 0/0
   728 ;;		Unchanged: 0/0
   729 ;; Data sizes:     COMRAM   BANK0   BANK1   BANK2   BANK3   BANK4   BANK5   BANK6   BANK7   BANK8   BANK9  BANK10  BANK1
      +1  BANK12  BANK13  BANK14
   730 ;;      Params:         0       0       0       0       0       0       0       0       0       0       0       0       
      +0       0       0       0
   731 ;;      Locals:         0       0       0       0       0       0       0       0       0       0       0       0       
      +0       0       0       0
   732 ;;      Temps:         17       0       0       0       0       0       0       0       0       0       0       0       
      +0       0       0       0
   733 ;;      Totals:        17       0       0       0       0       0       0       0       0       0       0       0       
      +0       0       0       0
   734 ;;Total ram usage:       17 bytes
   735 ;; Hardware stack levels used:    1
   736 ;; This function calls:
   737 ;;		Nothing
   738 ;; This function is called by:
   739 ;;		Interrupt level 1
   740 ;; This function uses a non-reentrant model
   741 ;;
   742                           
   743                           	psect	intcodelo
   744  000018                     __pintcodelo:
   745                           	opt stack 0
   746  000018                     _high_isr:
   747                           	opt stack 29
   748                           
   749                           ;incstack = 0
   750  000018  CFD8 F001          	movff	status,??_high_isr
   751  00001C  CFE8 F002          	movff	wreg,??_high_isr+1
   752  000020  CFE0 F003          	movff	bsr,??_high_isr+2
   753  000024  CFFA F004          	movff	pclath,??_high_isr+3
   754  000028  CFFB F005          	movff	pclatu,??_high_isr+4
   755  00002C  CFE9 F006          	movff	fsr0l,??_high_isr+5
   756  000030  CFEA F007          	movff	fsr0h,??_high_isr+6
   757  000034  CFE1 F008          	movff	fsr1l,??_high_isr+7
   758  000038  CFE2 F009          	movff	fsr1h,??_high_isr+8
   759  00003C  CFD9 F00A          	movff	fsr2l,??_high_isr+9
   760  000040  CFDA F00B          	movff	fsr2h,??_high_isr+10
   761  000044  CFF3 F00C          	movff	prodl,??_high_isr+11
   762  000048  CFF4 F00D          	movff	prodh,??_high_isr+12
   763  00004C  CFF6 F00E          	movff	tblptrl,??_high_isr+13
   764  000050  CFF7 F00F          	movff	tblptrh,??_high_isr+14
   765  000054  CFF8 F010          	movff	tblptru,??_high_isr+15
   766  000058  CFF5 F011          	movff	tablat,??_high_isr+16
   767                           
   768                           ;main.c: 115: if (RC2IF) {
   769  00005C  AAA4               	btfss	4004,5,c	;volatile
   770  00005E  D017               	goto	i1l809
   771                           
   772                           ;main.c: 116: tampon = RCREG2;
   773  000060  CF7A F037          	movff	3962,_tampon	;volatile
   774                           
   775                           ;main.c: 117: if (compteur == 128) {
   776  000064  5033               	movf	_compteur,w,c
   777  000066  0A80               	xorlw	128
   778  000068  1034               	iorwf	_compteur+1,w,c
   779  00006A  A4D8               	btfss	status,2,c
   780  00006C  D004               	goto	i1l805
   781                           
   782                           ;main.c: 118: compteur = 0;
   783  00006E  0E00               	movlw	0
   784  000070  6E34               	movwf	_compteur+1,c
   785  000072  0E00               	movlw	0
   786  000074  6E33               	movwf	_compteur,c
   787  000076                     i1l805:
   788                           
   789                           ;main.c: 119: }
   790                           ;main.c: 120: stock_led[compteur] = tampon;
   791  000076  0101               	movlb	1	; () banked
   792  000078  0E00               	movlw	low _stock_led
   793  00007A  2433               	addwf	_compteur,w,c
   794  00007C  6ED9               	movwf	fsr2l,c
   795  00007E  0101               	movlb	1	; () banked
   796  000080  0E01               	movlw	high _stock_led
   797  000082  2034               	addwfc	_compteur+1,w,c
   798  000084  6EDA               	movwf	fsr2h,c
   799  000086  C037  FFDF         	movff	_tampon,indf2
   800                           
   801                           ; BSR set to: 1
   802                           ;main.c: 121: compteur++;
   803  00008A  4A33               	infsnz	_compteur,f,c
   804  00008C  2A34               	incf	_compteur+1,f,c
   805  00008E                     i1l809:
   806                           
   807                           ;main.c: 122: }
   808                           ;main.c: 123: RC2IF = 0;
   809  00008E  9AA4               	bcf	4004,5,c	;volatile
   810  000090  C011  FFF5         	movff	??_high_isr+16,tablat
   811  000094  C010  FFF8         	movff	??_high_isr+15,tblptru
   812  000098  C00F  FFF7         	movff	??_high_isr+14,tblptrh
   813  00009C  C00E  FFF6         	movff	??_high_isr+13,tblptrl
   814  0000A0  C00D  FFF4         	movff	??_high_isr+12,prodh
   815  0000A4  C00C  FFF3         	movff	??_high_isr+11,prodl
   816  0000A8  C00B  FFDA         	movff	??_high_isr+10,fsr2h
   817  0000AC  C00A  FFD9         	movff	??_high_isr+9,fsr2l
   818  0000B0  C009  FFE2         	movff	??_high_isr+8,fsr1h
   819  0000B4  C008  FFE1         	movff	??_high_isr+7,fsr1l
   820  0000B8  C007  FFEA         	movff	??_high_isr+6,fsr0h
   821  0000BC  C006  FFE9         	movff	??_high_isr+5,fsr0l
   822  0000C0  C005  FFFB         	movff	??_high_isr+4,pclatu
   823  0000C4  C004  FFFA         	movff	??_high_isr+3,pclath
   824  0000C8  C003  FFE0         	movff	??_high_isr+2,bsr
   825  0000CC  C002  FFE8         	movff	??_high_isr+1,wreg
   826  0000D0  C001  FFD8         	movff	??_high_isr,status
   827  0000D4  0010               	retfie	
   828  0000D6                     __end_of_high_isr:
   829                           	opt stack 0
   830  0000D6                     _timer_isr:
   831                           	opt stack 29
   832                           
   833                           ;incstack = 0
   834  0000D6  CFD8 F012          	movff	status,??_timer_isr
   835  0000DA  CFE8 F013          	movff	wreg,??_timer_isr+1
   836  0000DE  CFE0 F014          	movff	bsr,??_timer_isr+2
   837  0000E2  CFFA F015          	movff	pclath,??_timer_isr+3
   838  0000E6  CFFB F016          	movff	pclatu,??_timer_isr+4
   839  0000EA  CFE9 F017          	movff	fsr0l,??_timer_isr+5
   840  0000EE  CFEA F018          	movff	fsr0h,??_timer_isr+6
   841  0000F2  CFE1 F019          	movff	fsr1l,??_timer_isr+7
   842  0000F6  CFE2 F01A          	movff	fsr1h,??_timer_isr+8
   843  0000FA  CFD9 F01B          	movff	fsr2l,??_timer_isr+9
   844  0000FE  CFDA F01C          	movff	fsr2h,??_timer_isr+10
   845  000102  CFF3 F01D          	movff	prodl,??_timer_isr+11
   846  000106  CFF4 F01E          	movff	prodh,??_timer_isr+12
   847  00010A  CFF6 F01F          	movff	tblptrl,??_timer_isr+13
   848  00010E  CFF7 F020          	movff	tblptrh,??_timer_isr+14
   849  000112  CFF8 F021          	movff	tblptru,??_timer_isr+15
   850  000116  CFF5 F022          	movff	tablat,??_timer_isr+16
   851                           
   852                           ;main.c: 129: if ( TMR0IE && TMR0IF ) {
   853  00011A  BAF2               	btfsc	intcon,5,c	;volatile
   854  00011C  D000               	goto	i1l54
   855  00011E                     i1l54:
   856                           
   857                           ;main.c: 130: }
   858                           ;main.c: 131: TMR0IF = 0;
   859  00011E  94F2               	bcf	intcon,2,c	;volatile
   860  000120  C022  FFF5         	movff	??_timer_isr+16,tablat
   861  000124  C021  FFF8         	movff	??_timer_isr+15,tblptru
   862  000128  C020  FFF7         	movff	??_timer_isr+14,tblptrh
   863  00012C  C01F  FFF6         	movff	??_timer_isr+13,tblptrl
   864  000130  C01E  FFF4         	movff	??_timer_isr+12,prodh
   865  000134  C01D  FFF3         	movff	??_timer_isr+11,prodl
   866  000138  C01C  FFDA         	movff	??_timer_isr+10,fsr2h
   867  00013C  C01B  FFD9         	movff	??_timer_isr+9,fsr2l
   868  000140  C01A  FFE2         	movff	??_timer_isr+8,fsr1h
   869  000144  C019  FFE1         	movff	??_timer_isr+7,fsr1l
   870  000148  C018  FFEA         	movff	??_timer_isr+6,fsr0h
   871  00014C  C017  FFE9         	movff	??_timer_isr+5,fsr0l
   872  000150  C016  FFFB         	movff	??_timer_isr+4,pclatu
   873  000154  C015  FFFA         	movff	??_timer_isr+3,pclath
   874  000158  C014  FFE0         	movff	??_timer_isr+2,bsr
   875  00015C  C013  FFE8         	movff	??_timer_isr+1,wreg
   876  000160  C012  FFD8         	movff	??_timer_isr,status
   877  000164  0010               	retfie	
   878  000166                     __end_of_timer_isr:
   879                           	opt stack 0
   880  0000                     pclatu	equ	0xFFB
   881                           pclath	equ	0xFFA
   882                           tblptru	equ	0xFF8
   883                           tblptrh	equ	0xFF7
   884                           tblptrl	equ	0xFF6
   885                           tablat	equ	0xFF5
   886                           prodh	equ	0xFF4
   887                           prodl	equ	0xFF3
   888                           intcon	equ	0xFF2
   889                           postinc0	equ	0xFEE
   890                           fsr0h	equ	0xFEA
   891                           fsr0l	equ	0xFE9
   892                           wreg	equ	0xFE8
   893                           postdec1	equ	0xFE5
   894                           fsr1h	equ	0xFE2
   895                           fsr1l	equ	0xFE1
   896                           bsr	equ	0xFE0
   897                           indf2	equ	0xFDF
   898                           fsr2h	equ	0xFDA
   899                           fsr2l	equ	0xFD9
   900                           status	equ	0xFD8
   901                           pclatu	equ	0xFFB
   902                           pclath	equ	0xFFA
   903                           tblptru	equ	0xFF8
   904                           tblptrh	equ	0xFF7
   905                           tblptrl	equ	0xFF6
   906                           tablat	equ	0xFF5
   907                           prodh	equ	0xFF4
   908                           prodl	equ	0xFF3
   909                           intcon	equ	0xFF2
   910                           postinc0	equ	0xFEE
   911                           fsr0h	equ	0xFEA
   912                           fsr0l	equ	0xFE9
   913                           wreg	equ	0xFE8
   914                           postdec1	equ	0xFE5
   915                           fsr1h	equ	0xFE2
   916                           fsr1l	equ	0xFE1
   917                           bsr	equ	0xFE0
   918                           indf2	equ	0xFDF
   919                           fsr2h	equ	0xFDA
   920                           fsr2l	equ	0xFD9
   921                           status	equ	0xFD8
   922                           
   923                           	psect	rparam
   924  0000                     pclatu	equ	0xFFB
   925                           pclath	equ	0xFFA
   926                           tblptru	equ	0xFF8
   927                           tblptrh	equ	0xFF7
   928                           tblptrl	equ	0xFF6
   929                           tablat	equ	0xFF5
   930                           prodh	equ	0xFF4
   931                           prodl	equ	0xFF3
   932                           intcon	equ	0xFF2
   933                           postinc0	equ	0xFEE
   934                           fsr0h	equ	0xFEA
   935                           fsr0l	equ	0xFE9
   936                           wreg	equ	0xFE8
   937                           postdec1	equ	0xFE5
   938                           fsr1h	equ	0xFE2
   939                           fsr1l	equ	0xFE1
   940                           bsr	equ	0xFE0
   941                           indf2	equ	0xFDF
   942                           fsr2h	equ	0xFDA
   943                           fsr2l	equ	0xFD9
   944                           status	equ	0xFD8


Data Sizes:
    Strings     0
    Constant    0
    Data        8
    BSS         229
    Persistent  0
    Stack       0

Auto Spaces:
    Space          Size  Autos    Used
    COMRAM           95     34      63
    BANK0           160      4      84
    BANK1           256      0     128
    BANK2           256      0       0
    BANK3           256      0       0
    BANK4           256      0       0
    BANK5           256      0       0
    BANK6           256      0       0
    BANK7           256      0       0
    BANK8           256      0       0
    BANK9           256      0       0
    BANK10          256      0       0
    BANK11          256      0       0
    BANK12          256      0       0
    BANK13          256      0       0
    BANK14           65      0       0

Pointer List with Targets:

    None.

Critical Paths under _main in COMRAM

    None.

Critical Paths under _high_isr in COMRAM

    None.

Critical Paths under _timer_isr in COMRAM

    None.

Critical Paths under _main in BANK0

    None.

Critical Paths under _high_isr in BANK0

    None.

Critical Paths under _timer_isr in BANK0

    None.

Critical Paths under _main in BANK1

    None.

Critical Paths under _high_isr in BANK1

    None.

Critical Paths under _timer_isr in BANK1

    None.

Critical Paths under _main in BANK2

    None.

Critical Paths under _high_isr in BANK2

    None.

Critical Paths under _timer_isr in BANK2

    None.

Critical Paths under _main in BANK3

    None.

Critical Paths under _high_isr in BANK3

    None.

Critical Paths under _timer_isr in BANK3

    None.

Critical Paths under _main in BANK4

    None.

Critical Paths under _high_isr in BANK4

    None.

Critical Paths under _timer_isr in BANK4

    None.

Critical Paths under _main in BANK5

    None.

Critical Paths under _high_isr in BANK5

    None.

Critical Paths under _timer_isr in BANK5

    None.

Critical Paths under _main in BANK6

    None.

Critical Paths under _high_isr in BANK6

    None.

Critical Paths under _timer_isr in BANK6

    None.

Critical Paths under _main in BANK7

    None.

Critical Paths under _high_isr in BANK7

    None.

Critical Paths under _timer_isr in BANK7

    None.

Critical Paths under _main in BANK8

    None.

Critical Paths under _high_isr in BANK8

    None.

Critical Paths under _timer_isr in BANK8

    None.

Critical Paths under _main in BANK9

    None.

Critical Paths under _high_isr in BANK9

    None.

Critical Paths under _timer_isr in BANK9

    None.

Critical Paths under _main in BANK10

    None.

Critical Paths under _high_isr in BANK10

    None.

Critical Paths under _timer_isr in BANK10

    None.

Critical Paths under _main in BANK11

    None.

Critical Paths under _high_isr in BANK11

    None.

Critical Paths under _timer_isr in BANK11

    None.

Critical Paths under _main in BANK12

    None.

Critical Paths under _high_isr in BANK12

    None.

Critical Paths under _timer_isr in BANK12

    None.

Critical Paths under _main in BANK13

    None.

Critical Paths under _high_isr in BANK13

    None.

Critical Paths under _timer_isr in BANK13

    None.

Critical Paths under _main in BANK14

    None.

Critical Paths under _high_isr in BANK14

    None.

Critical Paths under _timer_isr in BANK14

    None.

Call Graph Tables:

 ---------------------------------------------------------------------------------
 (Depth) Function   	        Calls       Base Space   Used Autos Params    Refs
 ---------------------------------------------------------------------------------
 (0) _main                                                 4     4      0       1
                                              0 BANK0      4     4      0
                          _affichage
                          _initComms
                          _initPorts
 ---------------------------------------------------------------------------------
 (1) _initPorts                                            0     0      0       0
 ---------------------------------------------------------------------------------
 (1) _initComms                                            0     0      0       0
 ---------------------------------------------------------------------------------
 (1) _affichage                                            0     0      0       0
 ---------------------------------------------------------------------------------
 Estimated maximum stack depth 1
 ---------------------------------------------------------------------------------
 (Depth) Function   	        Calls       Base Space   Used Autos Params    Refs
 ---------------------------------------------------------------------------------
 (2) _high_isr                                            17    17      0       0
                                              0 COMRAM    17    17      0
 ---------------------------------------------------------------------------------
 Estimated maximum stack depth 2
 ---------------------------------------------------------------------------------
 (Depth) Function   	        Calls       Base Space   Used Autos Params    Refs
 ---------------------------------------------------------------------------------
 (2) _timer_isr                                           17    17      0       0
                                             17 COMRAM    17    17      0
 ---------------------------------------------------------------------------------
 Estimated maximum stack depth 2
 ---------------------------------------------------------------------------------

 Call Graph Graphs:

 _main (ROOT)
   _affichage
   _initComms
   _initPorts

 _high_isr (ROOT)

 _timer_isr (ROOT)

 Address spaces:
Name               Size   Autos  Total    Cost      Usage
BIGRAM             E40      0       0      35        0.0%
EEDATA             400      0       0       0        0.0%
BITBANK13          100      0       0      31        0.0%
BANK13             100      0       0      32        0.0%
BITBANK12          100      0       0      29        0.0%
BANK12             100      0       0      30        0.0%
BITBANK11          100      0       0      27        0.0%
BANK11             100      0       0      28        0.0%
BITBANK10          100      0       0      25        0.0%
BANK10             100      0       0      26        0.0%
BITBANK9           100      0       0      23        0.0%
BANK9              100      0       0      24        0.0%
BITBANK8           100      0       0      21        0.0%
BANK8              100      0       0      22        0.0%
BITBANK7           100      0       0      19        0.0%
BANK7              100      0       0      20        0.0%
BITBANK6           100      0       0      17        0.0%
BANK6              100      0       0      18        0.0%
BITBANK5           100      0       0      15        0.0%
BANK5              100      0       0      16        0.0%
BITBANK4           100      0       0      13        0.0%
BANK4              100      0       0      14        0.0%
BITBANK3           100      0       0      11        0.0%
BANK3              100      0       0      12        0.0%
BITBANK2           100      0       0       9        0.0%
BANK2              100      0       0      10        0.0%
BITBANK1           100      0       0       7        0.0%
BANK1              100      0      80       8       50.0%
BITBANK0            A0      0       0       4        0.0%
BANK0               A0      4      54       5       52.5%
BITCOMRAM           5F      0       0       0        0.0%
COMRAM              5F     22      3F       1       66.3%
BITBANK14           41      0       0      33        0.0%
BANK14              41      0       0      34        0.0%
BITSFR_2             0      0       0      40        0.0%
SFR_2                0      0       0      40        0.0%
BITSFR_1             0      0       0      40        0.0%
SFR_1                0      0       0      40        0.0%
BITSFR               0      0       0      40        0.0%
SFR                  0      0       0      40        0.0%
STACK                0      0       0       2        0.0%
NULL                 0      0       0       0        0.0%
ABS                  0      0     113       6        0.0%
DATA                 0      0     113       3        0.0%
CODE                 0      0       0       0        0.0%


Microchip Technology PIC18 Macro Assembler V1.33 build 59893 
Symbol Table                                                                                   Thu Nov 13 12:57:40 2014

            __CFG_CP0$ON 000000              __CFG_CP1$ON 000000              __CFG_CP2$ON 000000  
            __CFG_CP3$ON 000000              __CFG_CPB$ON 000000              __CFG_CPD$ON 000000  
            _state_clock 0036                       bsr 000FE0              __CFG_BORV$3 000000  
                    l851 0298                      _GIE 007F97                      u305 01A4  
                    u306 01A6                      u315 01AE                      u316 01B0  
                    u325 01B8                      u326 01BA                      u255 0172  
                    u256 0174                      u265 017C                      u266 017E  
                    u275 0186                      u276 0188                      u285 0190  
                    u286 0192                      u295 019A                      u296 019C  
                    _PSA 007EAB                      _msg 0060                      wreg 000FE8  
           __CFG_IESO$ON 000000               _TXSTA2bits 000FBA                     _T0CS 007EAD  
                   _MASK 0038                     _PEIE 007F96                     i1l54 011E  
           __CFG_WRT0$ON 000000             __CFG_WRT1$ON 000000             __CFG_WRT2$ON 000000  
           __CFG_WRT3$ON 000000            __CFG_EBTR0$ON 000000            __CFG_EBTR1$ON 000000  
          __CFG_EBTR2$ON 000000            __CFG_EBTR3$ON 000000             __CFG_WRTB$ON 000000  
           __CFG_WRTC$ON 000000             __CFG_WRTD$ON 000000            __CFG_EBTRB$ON 000000  
                   _main 0278                     fsr0h 000FEA                     fsr1h 000FE2  
                   fsr0l 000FE9                     fsr2h 000FDA                     fsr1l 000FE1  
                   indf2 000FDF                     fsr2l 000FD9                     pclat 000FFA  
                   prodh 000FF4                     prodl 000FF3                     start 0166  
          __CFG_RETEN$ON 000000             _BAUDCON2bits 000FB9                    ?_main 0001  
                  _T0PS1 007EA9                    _T0PS2 007EAA                    _RC2IF 007D25  
                  i1l805 0076                    i1l809 008E                    _SPBRG 000FAF  
                  _PORTA 000F80                    _PORTB 000F81                    _PORTC 000F82  
                  _TRISA 000F92                    _TRISB 000F93                    _TRISC 000F94  
         __CFG_FCMEN$OFF 000000                    main@i 00B0                    tablat 000FF5  
                  status 000FD8           _compteur_clock 0035           __CFG_MCLRE$OFF 000000  
        __initialization 01BC             __end_of_main 029E                   ??_main 00B0  
          __activetblptr 000000           __CFG_PLLCFG$ON 000000                   _ADCON1 000FC1  
                 _ANCON0 000F5D                   _T08BIT 007EAE          __CFG_BBSIZ$BB2K 000000  
         __CFG_WDTEN$OFF 000000                   _INTCON 000FF2                   _RCREG2 000F7A  
                 _OSCCON 000FD3                   _TMR0IE 007F95                   _TMR0IF 007F92  
                 _SPBRG2 000F7B                   _TXREG2 000F79           __CFG_PWRTEN$ON 000000  
         __CFG_XINST$OFF 000000         __end_of_high_isr 00D6           __CFG_STVREN$ON 000000  
                 clear_0 01C2                   clear_1 01CE                   clear_2 01DA  
                 _tampon 0037             __pdataCOMRAM 0038                   tblptrh 000FF7  
                 tblptrl 000FF6                   tblptru 000FF8               __accesstop 0060  
__end_of__initialization 0200       __size_of_affichage 0052           __pcstackCOMRAM 0001  
             __pbssBANK0 0060               __pbssBANK1 0100       __size_of_initComms 0040  
     __size_of_initPorts 0032         __CFG_CANMX$PORTB 000000       __size_of_timer_isr 0090  
      __end_of_affichage 01BC                  _SPBRGH2 000F7C                ?_high_isr 0001  
                __Hparam 0000                  __Lparam 0000                  __pcinit 01BC  
                __ramtop 0F00                  __ptext0 0278                  __ptext1 0246  
                __ptext2 0206                  __ptext3 016A        __end_of_initComms 0246  
      __end_of_initPorts 0278        __CFG_MSSPMSK$MSK7 000000               ??_high_isr 0001  
   end_of_initialization 0200        __end_of_timer_isr 0166                  postdec1 000FE5  
                postinc0 000FEE                _PORTAbits 000F80         __CFG_FOSC$INTIO2 000000  
          __pidataCOMRAM 029E      start_initialization 01BC              __pbssCOMRAM 0023  
          __pcstackBANK0 00B0                _affichage 016A        __size_of_high_isr 00BE  
            __pintcodelo 0018                _led_state 0023                _initComms 0206  
              _initPorts 0246               ?_affichage 0001                 _PIE3bits 000FA3  
               _PIR3bits 000FA4                 _RCONbits 000FD0                _timer_isr 00D6  
       __CFG_SOSCSEL$DIG 000000                _stock_led 0100               ?_initComms 0001  
             ?_initPorts 0001                copy_data0 01F4                 __Hrparam 0000  
               __Lrparam 0000       __CFG_BOREN$SBORDIS 000000               ?_timer_isr 0001  
               _high_isr 0018                 _compteur 0033              ??_affichage 00B0  
          __size_of_main 0026      __CFG_INTOSCSEL$HIGH 000000              _OSCTUNEbits 000F9B  
            ??_initComms 00B0              ??_initPorts 00B0                 intlevel1 0000  
             _RCSTA2bits 000FA6       __CFG_WDTPS$1048576 000000              ??_timer_isr 0012  
    __CFG_BORPWR$ZPBORMV 000000  
